Command line invocation:
    /Applications/Xcode.app/Contents/Developer/usr/bin/xcodebuild -project SmallBizWorkspace.xcodeproj -scheme "SmallBiz Workspace" -sdk iphonesimulator -configuration Debug build

Build settings from command line:
    SDKROOT = iphonesimulator26.2

Resolve Package Graph


Resolved source packages:
  ZIPFoundation: https://github.com/weichsel/ZIPFoundation @ 0.9.20

--- xcodebuild: WARNING: Using the first of multiple matching destinations:
{ platform:iOS Simulator, id:dvtdevice-DVTiOSDeviceSimulatorPlaceholder-iphonesimulator:placeholder, name:Any iOS Simulator Device }
{ platform:iOS Simulator, arch:arm64, id:28D2DA45-759D-4397-9D8A-EFC53987997D, OS:26.2, name:iPad (A16) }
{ platform:iOS Simulator, arch:arm64, id:3FCF429B-38B6-418C-A51E-6874982BFACB, OS:26.2, name:iPad Air 11-inch (M3) }
{ platform:iOS Simulator, arch:arm64, id:CEB424D4-7C83-41EE-A256-1B73C1D3B85C, OS:26.2, name:iPad Air 13-inch (M3) }
{ platform:iOS Simulator, arch:arm64, id:23E0379F-AF5F-4C95-BABF-90F008D0E605, OS:26.2, name:iPad Pro 11-inch (M5) }
{ platform:iOS Simulator, arch:arm64, id:F6542DEB-43D1-46F9-BACD-094941C3005F, OS:26.2, name:iPad Pro 13-inch (M5) }
{ platform:iOS Simulator, arch:arm64, id:ED78FE55-3BF4-4556-B8E2-6E99F4927AED, OS:26.2, name:iPad mini (A17 Pro) }
{ platform:iOS Simulator, arch:arm64, id:B2283F2A-6B0B-4E26-8C30-9770ED70ADDD, OS:26.2, name:iPhone 16e }
{ platform:iOS Simulator, arch:arm64, id:5931BB36-F883-4593-A0E0-95935A93CEE2, OS:26.2, name:iPhone 17 }
{ platform:iOS Simulator, arch:arm64, id:D13E4607-64DA-4B86-8597-07F327AB3F4C, OS:26.2, name:iPhone 17 Pro }
{ platform:iOS Simulator, arch:arm64, id:687B4D81-695A-44AF-A59D-1116070B34B5, OS:26.2, name:iPhone 17 Pro Max }
{ platform:iOS Simulator, arch:arm64, id:327E0ACE-5D27-43E2-AA78-E79812FD1FEB, OS:26.2, name:iPhone Air }
{ platform:macOS, arch:arm64, variant:Designed for [iPad,iPhone], id:00006041-000209AC36A1801C, name:My Mac }
{ platform:iOS, id:dvtdevice-DVTiPhonePlaceholder-iphoneos:placeholder, name:Any iOS Device }
{ platform:iOS, arch:arm64, id:00008130-00062DE02646001C, name:LMNOP }
ComputePackagePrebuildTargetDependencyGraph

Prepare packages

CreateBuildRequest

SendProjectDescription

CreateBuildOperation

ComputeTargetDependencyGraph
note: Building targets in dependency order
note: Target dependency graph (4 targets)
    Target 'SmallBiz Workspace' in project 'SmallBizWorkspace'
        ➜ Explicit dependency on target 'ZIPFoundation' in project 'ZIPFoundation'
    Target 'ZIPFoundation' in project 'ZIPFoundation'
        ➜ Explicit dependency on target 'ZIPFoundation' in project 'ZIPFoundation'
        ➜ Explicit dependency on target 'ZIPFoundation_ZIPFoundation' in project 'ZIPFoundation'
    Target 'ZIPFoundation' in project 'ZIPFoundation'
        ➜ Explicit dependency on target 'ZIPFoundation_ZIPFoundation' in project 'ZIPFoundation'
    Target 'ZIPFoundation_ZIPFoundation' in project 'ZIPFoundation' (no dependencies)

GatherProvisioningInputs

CreateBuildDescription

ExecuteExternalTool /Applications/Xcode.app/Contents/Developer/Toolchains/XcodeDefault.xctoolchain/usr/bin/clang -v -E -dM -isysroot /Applications/Xcode.app/Contents/Developer/Platforms/iPhoneSimulator.platform/Developer/SDKs/iPhoneSimulator26.2.sdk -x c -c /dev/null

ExecuteExternalTool /Applications/Xcode.app/Contents/Developer/usr/bin/ibtool --version --output-format xml1

ExecuteExternalTool /Applications/Xcode.app/Contents/Developer/Toolchains/XcodeDefault.xctoolchain/usr/bin/swiftc --version

ExecuteExternalTool /Applications/Xcode.app/Contents/Developer/usr/bin/actool --print-asset-tag-combinations --output-format xml1 /Volumes/T7 Shield/App creation/SimpleInvoice/SmallBiz Workspace/Assets.xcassets

ExecuteExternalTool /Applications/Xcode.app/Contents/Developer/usr/bin/actool --version --output-format xml1

ExecuteExternalTool /Applications/Xcode.app/Contents/Developer/Toolchains/XcodeDefault.xctoolchain/usr/bin/ld -version_details

Build description signature: 12fe7224e2836f7dcc3a6ce5b0f76115
Build description path: /Users/freeman/Library/Developer/Xcode/DerivedData/SmallBizWorkspace-cfozrmaxezcdhkhefcvsyrzkmpzp/Build/Intermediates.noindex/XCBuildData/12fe7224e2836f7dcc3a6ce5b0f76115.xcbuilddata
ClangStatCache /Applications/Xcode.app/Contents/Developer/Toolchains/XcodeDefault.xctoolchain/usr/bin/clang-stat-cache /Applications/Xcode.app/Contents/Developer/Platforms/iPhoneSimulator.platform/Developer/SDKs/iPhoneSimulator26.2.sdk /Users/freeman/Library/Developer/Xcode/DerivedData/SDKStatCaches.noindex/iphonesimulator26.2-23C53-7d00a8b37fbd7999ea79df8ebc024bf0.sdkstatcache
    cd /Volumes/T7\ Shield/App\ creation/SimpleInvoice/SmallBizWorkspace.xcodeproj
    /Applications/Xcode.app/Contents/Developer/Toolchains/XcodeDefault.xctoolchain/usr/bin/clang-stat-cache /Applications/Xcode.app/Contents/Developer/Platforms/iPhoneSimulator.platform/Developer/SDKs/iPhoneSimulator26.2.sdk -o /Users/freeman/Library/Developer/Xcode/DerivedData/SDKStatCaches.noindex/iphonesimulator26.2-23C53-7d00a8b37fbd7999ea79df8ebc024bf0.sdkstatcache

ProcessInfoPlistFile /Users/freeman/Library/Developer/Xcode/DerivedData/SmallBizWorkspace-cfozrmaxezcdhkhefcvsyrzkmpzp/Build/Products/Debug-iphonesimulator/ZIPFoundation_ZIPFoundation.bundle/Info.plist /Users/freeman/Library/Developer/Xcode/DerivedData/SmallBizWorkspace-cfozrmaxezcdhkhefcvsyrzkmpzp/Build/Intermediates.noindex/ZIPFoundation.build/Debug-iphonesimulator/ZIPFoundation_ZIPFoundation.build/empty-ZIPFoundation_ZIPFoundation.plist (in target 'ZIPFoundation_ZIPFoundation' from project 'ZIPFoundation')
    cd /Users/freeman/Library/Developer/Xcode/DerivedData/SmallBizWorkspace-cfozrmaxezcdhkhefcvsyrzkmpzp/SourcePackages/checkouts/ZIPFoundation
    builtin-infoPlistUtility /Users/freeman/Library/Developer/Xcode/DerivedData/SmallBizWorkspace-cfozrmaxezcdhkhefcvsyrzkmpzp/Build/Intermediates.noindex/ZIPFoundation.build/Debug-iphonesimulator/ZIPFoundation_ZIPFoundation.build/empty-ZIPFoundation_ZIPFoundation.plist -producttype com.apple.product-type.bundle -expandbuildsettings -format binary -platform iphonesimulator -o /Users/freeman/Library/Developer/Xcode/DerivedData/SmallBizWorkspace-cfozrmaxezcdhkhefcvsyrzkmpzp/Build/Products/Debug-iphonesimulator/ZIPFoundation_ZIPFoundation.bundle/Info.plist

SwiftDriver SmallBiz\ Workspace normal arm64 com.apple.xcode.tools.swift.compiler (in target 'SmallBiz Workspace' from project 'SmallBizWorkspace')
    cd /Volumes/T7\ Shield/App\ creation/SimpleInvoice
    builtin-SwiftDriver -- /Applications/Xcode.app/Contents/Developer/Toolchains/XcodeDefault.xctoolchain/usr/bin/swiftc -module-name SmallBizWorkspace -Onone -enforce-exclusivity\=checked @/Users/freeman/Library/Developer/Xcode/DerivedData/SmallBizWorkspace-cfozrmaxezcdhkhefcvsyrzkmpzp/Build/Intermediates.noindex/SmallBizWorkspace.build/Debug-iphonesimulator/SmallBiz\ Workspace.build/Objects-normal/arm64/SmallBizWorkspace.SwiftFileList -DDEBUG -default-isolation\=MainActor -enable-bare-slash-regex -enable-upcoming-feature DisableOutwardActorInference -enable-upcoming-feature InferSendableFromCaptures -enable-upcoming-feature GlobalActorIsolatedTypesUsability -enable-upcoming-feature MemberImportVisibility -enable-upcoming-feature InferIsolatedConformances -enable-upcoming-feature NonisolatedNonsendingByDefault -enable-experimental-feature DebugDescriptionMacro -sdk /Applications/Xcode.app/Contents/Developer/Platforms/iPhoneSimulator.platform/Developer/SDKs/iPhoneSimulator26.2.sdk -target arm64-apple-ios17.6-simulator -g -module-cache-path /Users/freeman/Library/Developer/Xcode/DerivedData/ModuleCache.noindex -Xfrontend -serialize-debugging-options -profile-coverage-mapping -profile-generate -enable-testing -index-store-path /Users/freeman/Library/Developer/Xcode/DerivedData/SmallBizWorkspace-cfozrmaxezcdhkhefcvsyrzkmpzp/Index.noindex/DataStore -Xcc -D_LIBCPP_HARDENING_MODE\=_LIBCPP_HARDENING_MODE_DEBUG -swift-version 5 -I /Users/freeman/Library/Developer/Xcode/DerivedData/SmallBizWorkspace-cfozrmaxezcdhkhefcvsyrzkmpzp/Build/Products/Debug-iphonesimulator -F /Users/freeman/Library/Developer/Xcode/DerivedData/SmallBizWorkspace-cfozrmaxezcdhkhefcvsyrzkmpzp/Build/Products/Debug-iphonesimulator/PackageFrameworks -F /Users/freeman/Library/Developer/Xcode/DerivedData/SmallBizWorkspace-cfozrmaxezcdhkhefcvsyrzkmpzp/Build/Products/Debug-iphonesimulator -emit-localized-strings -emit-localized-strings-path /Users/freeman/Library/Developer/Xcode/DerivedData/SmallBizWorkspace-cfozrmaxezcdhkhefcvsyrzkmpzp/Build/Intermediates.noindex/SmallBizWorkspace.build/Debug-iphonesimulator/SmallBiz\ Workspace.build/Objects-normal/arm64 -c -j16 -enable-batch-mode -incremental -Xcc -ivfsstatcache -Xcc /Users/freeman/Library/Developer/Xcode/DerivedData/SDKStatCaches.noindex/iphonesimulator26.2-23C53-7d00a8b37fbd7999ea79df8ebc024bf0.sdkstatcache -output-file-map /Users/freeman/Library/Developer/Xcode/DerivedData/SmallBizWorkspace-cfozrmaxezcdhkhefcvsyrzkmpzp/Build/Intermediates.noindex/SmallBizWorkspace.build/Debug-iphonesimulator/SmallBiz\ Workspace.build/Objects-normal/arm64/SmallBiz\ Workspace-OutputFileMap.json -use-frontend-parseable-output -save-temps -no-color-diagnostics -explicit-module-build -module-cache-path /Users/freeman/Library/Developer/Xcode/DerivedData/SmallBizWorkspace-cfozrmaxezcdhkhefcvsyrzkmpzp/Build/Intermediates.noindex/SwiftExplicitPrecompiledModules -clang-scanner-module-cache-path /Users/freeman/Library/Developer/Xcode/DerivedData/ModuleCache.noindex -sdk-module-cache-path /Users/freeman/Library/Developer/Xcode/DerivedData/ModuleCache.noindex -serialize-diagnostics -emit-dependencies -emit-module -emit-module-path /Users/freeman/Library/Developer/Xcode/DerivedData/SmallBizWorkspace-cfozrmaxezcdhkhefcvsyrzkmpzp/Build/Intermediates.noindex/SmallBizWorkspace.build/Debug-iphonesimulator/SmallBiz\ Workspace.build/Objects-normal/arm64/SmallBizWorkspace.swiftmodule -validate-clang-modules-once -clang-build-session-file /Users/freeman/Library/Developer/Xcode/DerivedData/ModuleCache.noindex/Session.modulevalidation -Xcc -I/Users/freeman/Library/Developer/Xcode/DerivedData/SmallBizWorkspace-cfozrmaxezcdhkhefcvsyrzkmpzp/Build/Intermediates.noindex/SmallBizWorkspace.build/Debug-iphonesimulator/SmallBiz\ Workspace.build/swift-overrides.hmap -emit-const-values -Xfrontend -const-gather-protocols-file -Xfrontend /Users/freeman/Library/Developer/Xcode/DerivedData/SmallBizWorkspace-cfozrmaxezcdhkhefcvsyrzkmpzp/Build/Intermediates.noindex/SmallBizWorkspace.build/Debug-iphonesimulator/SmallBiz\ Workspace.build/Objects-normal/arm64/SmallBiz\ Workspace_const_extract_protocols.json -Xcc -iquote -Xcc /Users/freeman/Library/Developer/Xcode/DerivedData/SmallBizWorkspace-cfozrmaxezcdhkhefcvsyrzkmpzp/Build/Intermediates.noindex/SmallBizWorkspace.build/Debug-iphonesimulator/SmallBiz\ Workspace.build/SmallBizWorkspace-generated-files.hmap -Xcc -I/Users/freeman/Library/Developer/Xcode/DerivedData/SmallBizWorkspace-cfozrmaxezcdhkhefcvsyrzkmpzp/Build/Intermediates.noindex/SmallBizWorkspace.build/Debug-iphonesimulator/SmallBiz\ Workspace.build/SmallBizWorkspace-own-target-headers.hmap -Xcc -I/Users/freeman/Library/Developer/Xcode/DerivedData/SmallBizWorkspace-cfozrmaxezcdhkhefcvsyrzkmpzp/Build/Intermediates.noindex/SmallBizWorkspace.build/Debug-iphonesimulator/SmallBiz\ Workspace.build/SmallBizWorkspace-all-non-framework-target-headers.hmap -Xcc -ivfsoverlay -Xcc /Users/freeman/Library/Developer/Xcode/DerivedData/SmallBizWorkspace-cfozrmaxezcdhkhefcvsyrzkmpzp/Build/Intermediates.noindex/SmallBizWorkspace.build/Debug-iphonesimulator/SmallBizWorkspace-54cf17d1326c0e2aeed27d6790c4c504-VFS-iphonesimulator/all-product-headers.yaml -Xcc -iquote -Xcc /Users/freeman/Library/Developer/Xcode/DerivedData/SmallBizWorkspace-cfozrmaxezcdhkhefcvsyrzkmpzp/Build/Intermediates.noindex/SmallBizWorkspace.build/Debug-iphonesimulator/SmallBiz\ Workspace.build/SmallBizWorkspace-project-headers.hmap -Xcc -I/Users/freeman/Library/Developer/Xcode/DerivedData/SmallBizWorkspace-cfozrmaxezcdhkhefcvsyrzkmpzp/Build/Products/Debug-iphonesimulator/include -Xcc -I/Users/freeman/Library/Developer/Xcode/DerivedData/SmallBizWorkspace-cfozrmaxezcdhkhefcvsyrzkmpzp/Build/Intermediates.noindex/SmallBizWorkspace.build/Debug-iphonesimulator/SmallBiz\ Workspace.build/DerivedSources-normal/arm64 -Xcc -I/Users/freeman/Library/Developer/Xcode/DerivedData/SmallBizWorkspace-cfozrmaxezcdhkhefcvsyrzkmpzp/Build/Intermediates.noindex/SmallBizWorkspace.build/Debug-iphonesimulator/SmallBiz\ Workspace.build/DerivedSources/arm64 -Xcc -I/Users/freeman/Library/Developer/Xcode/DerivedData/SmallBizWorkspace-cfozrmaxezcdhkhefcvsyrzkmpzp/Build/Intermediates.noindex/SmallBizWorkspace.build/Debug-iphonesimulator/SmallBiz\ Workspace.build/DerivedSources -Xcc -DDEBUG\=1 -emit-objc-header -emit-objc-header-path /Users/freeman/Library/Developer/Xcode/DerivedData/SmallBizWorkspace-cfozrmaxezcdhkhefcvsyrzkmpzp/Build/Intermediates.noindex/SmallBizWorkspace.build/Debug-iphonesimulator/SmallBiz\ Workspace.build/Objects-normal/arm64/SmallBizWorkspace-Swift.h -working-directory /Volumes/T7\ Shield/App\ creation/SimpleInvoice -experimental-emit-module-separately -disable-cmo

SwiftDriver SmallBiz\ Workspace normal x86_64 com.apple.xcode.tools.swift.compiler (in target 'SmallBiz Workspace' from project 'SmallBizWorkspace')
    cd /Volumes/T7\ Shield/App\ creation/SimpleInvoice
    builtin-SwiftDriver -- /Applications/Xcode.app/Contents/Developer/Toolchains/XcodeDefault.xctoolchain/usr/bin/swiftc -module-name SmallBizWorkspace -Onone -enforce-exclusivity\=checked @/Users/freeman/Library/Developer/Xcode/DerivedData/SmallBizWorkspace-cfozrmaxezcdhkhefcvsyrzkmpzp/Build/Intermediates.noindex/SmallBizWorkspace.build/Debug-iphonesimulator/SmallBiz\ Workspace.build/Objects-normal/x86_64/SmallBizWorkspace.SwiftFileList -DDEBUG -default-isolation\=MainActor -enable-bare-slash-regex -enable-upcoming-feature DisableOutwardActorInference -enable-upcoming-feature InferSendableFromCaptures -enable-upcoming-feature GlobalActorIsolatedTypesUsability -enable-upcoming-feature MemberImportVisibility -enable-upcoming-feature InferIsolatedConformances -enable-upcoming-feature NonisolatedNonsendingByDefault -enable-experimental-feature DebugDescriptionMacro -sdk /Applications/Xcode.app/Contents/Developer/Platforms/iPhoneSimulator.platform/Developer/SDKs/iPhoneSimulator26.2.sdk -target x86_64-apple-ios17.6-simulator -g -module-cache-path /Users/freeman/Library/Developer/Xcode/DerivedData/ModuleCache.noindex -Xfrontend -serialize-debugging-options -profile-coverage-mapping -profile-generate -enable-testing -index-store-path /Users/freeman/Library/Developer/Xcode/DerivedData/SmallBizWorkspace-cfozrmaxezcdhkhefcvsyrzkmpzp/Index.noindex/DataStore -Xcc -D_LIBCPP_HARDENING_MODE\=_LIBCPP_HARDENING_MODE_DEBUG -swift-version 5 -I /Users/freeman/Library/Developer/Xcode/DerivedData/SmallBizWorkspace-cfozrmaxezcdhkhefcvsyrzkmpzp/Build/Products/Debug-iphonesimulator -F /Users/freeman/Library/Developer/Xcode/DerivedData/SmallBizWorkspace-cfozrmaxezcdhkhefcvsyrzkmpzp/Build/Products/Debug-iphonesimulator/PackageFrameworks -F /Users/freeman/Library/Developer/Xcode/DerivedData/SmallBizWorkspace-cfozrmaxezcdhkhefcvsyrzkmpzp/Build/Products/Debug-iphonesimulator -emit-localized-strings -emit-localized-strings-path /Users/freeman/Library/Developer/Xcode/DerivedData/SmallBizWorkspace-cfozrmaxezcdhkhefcvsyrzkmpzp/Build/Intermediates.noindex/SmallBizWorkspace.build/Debug-iphonesimulator/SmallBiz\ Workspace.build/Objects-normal/x86_64 -c -j16 -enable-batch-mode -incremental -Xcc -ivfsstatcache -Xcc /Users/freeman/Library/Developer/Xcode/DerivedData/SDKStatCaches.noindex/iphonesimulator26.2-23C53-7d00a8b37fbd7999ea79df8ebc024bf0.sdkstatcache -output-file-map /Users/freeman/Library/Developer/Xcode/DerivedData/SmallBizWorkspace-cfozrmaxezcdhkhefcvsyrzkmpzp/Build/Intermediates.noindex/SmallBizWorkspace.build/Debug-iphonesimulator/SmallBiz\ Workspace.build/Objects-normal/x86_64/SmallBiz\ Workspace-OutputFileMap.json -use-frontend-parseable-output -save-temps -no-color-diagnostics -explicit-module-build -module-cache-path /Users/freeman/Library/Developer/Xcode/DerivedData/SmallBizWorkspace-cfozrmaxezcdhkhefcvsyrzkmpzp/Build/Intermediates.noindex/SwiftExplicitPrecompiledModules -clang-scanner-module-cache-path /Users/freeman/Library/Developer/Xcode/DerivedData/ModuleCache.noindex -sdk-module-cache-path /Users/freeman/Library/Developer/Xcode/DerivedData/ModuleCache.noindex -serialize-diagnostics -emit-dependencies -emit-module -emit-module-path /Users/freeman/Library/Developer/Xcode/DerivedData/SmallBizWorkspace-cfozrmaxezcdhkhefcvsyrzkmpzp/Build/Intermediates.noindex/SmallBizWorkspace.build/Debug-iphonesimulator/SmallBiz\ Workspace.build/Objects-normal/x86_64/SmallBizWorkspace.swiftmodule -validate-clang-modules-once -clang-build-session-file /Users/freeman/Library/Developer/Xcode/DerivedData/ModuleCache.noindex/Session.modulevalidation -Xcc -I/Users/freeman/Library/Developer/Xcode/DerivedData/SmallBizWorkspace-cfozrmaxezcdhkhefcvsyrzkmpzp/Build/Intermediates.noindex/SmallBizWorkspace.build/Debug-iphonesimulator/SmallBiz\ Workspace.build/swift-overrides.hmap -emit-const-values -Xfrontend -const-gather-protocols-file -Xfrontend /Users/freeman/Library/Developer/Xcode/DerivedData/SmallBizWorkspace-cfozrmaxezcdhkhefcvsyrzkmpzp/Build/Intermediates.noindex/SmallBizWorkspace.build/Debug-iphonesimulator/SmallBiz\ Workspace.build/Objects-normal/x86_64/SmallBiz\ Workspace_const_extract_protocols.json -Xcc -iquote -Xcc /Users/freeman/Library/Developer/Xcode/DerivedData/SmallBizWorkspace-cfozrmaxezcdhkhefcvsyrzkmpzp/Build/Intermediates.noindex/SmallBizWorkspace.build/Debug-iphonesimulator/SmallBiz\ Workspace.build/SmallBizWorkspace-generated-files.hmap -Xcc -I/Users/freeman/Library/Developer/Xcode/DerivedData/SmallBizWorkspace-cfozrmaxezcdhkhefcvsyrzkmpzp/Build/Intermediates.noindex/SmallBizWorkspace.build/Debug-iphonesimulator/SmallBiz\ Workspace.build/SmallBizWorkspace-own-target-headers.hmap -Xcc -I/Users/freeman/Library/Developer/Xcode/DerivedData/SmallBizWorkspace-cfozrmaxezcdhkhefcvsyrzkmpzp/Build/Intermediates.noindex/SmallBizWorkspace.build/Debug-iphonesimulator/SmallBiz\ Workspace.build/SmallBizWorkspace-all-non-framework-target-headers.hmap -Xcc -ivfsoverlay -Xcc /Users/freeman/Library/Developer/Xcode/DerivedData/SmallBizWorkspace-cfozrmaxezcdhkhefcvsyrzkmpzp/Build/Intermediates.noindex/SmallBizWorkspace.build/Debug-iphonesimulator/SmallBizWorkspace-54cf17d1326c0e2aeed27d6790c4c504-VFS-iphonesimulator/all-product-headers.yaml -Xcc -iquote -Xcc /Users/freeman/Library/Developer/Xcode/DerivedData/SmallBizWorkspace-cfozrmaxezcdhkhefcvsyrzkmpzp/Build/Intermediates.noindex/SmallBizWorkspace.build/Debug-iphonesimulator/SmallBiz\ Workspace.build/SmallBizWorkspace-project-headers.hmap -Xcc -I/Users/freeman/Library/Developer/Xcode/DerivedData/SmallBizWorkspace-cfozrmaxezcdhkhefcvsyrzkmpzp/Build/Products/Debug-iphonesimulator/include -Xcc -I/Users/freeman/Library/Developer/Xcode/DerivedData/SmallBizWorkspace-cfozrmaxezcdhkhefcvsyrzkmpzp/Build/Intermediates.noindex/SmallBizWorkspace.build/Debug-iphonesimulator/SmallBiz\ Workspace.build/DerivedSources-normal/x86_64 -Xcc -I/Users/freeman/Library/Developer/Xcode/DerivedData/SmallBizWorkspace-cfozrmaxezcdhkhefcvsyrzkmpzp/Build/Intermediates.noindex/SmallBizWorkspace.build/Debug-iphonesimulator/SmallBiz\ Workspace.build/DerivedSources/x86_64 -Xcc -I/Users/freeman/Library/Developer/Xcode/DerivedData/SmallBizWorkspace-cfozrmaxezcdhkhefcvsyrzkmpzp/Build/Intermediates.noindex/SmallBizWorkspace.build/Debug-iphonesimulator/SmallBiz\ Workspace.build/DerivedSources -Xcc -DDEBUG\=1 -emit-objc-header -emit-objc-header-path /Users/freeman/Library/Developer/Xcode/DerivedData/SmallBizWorkspace-cfozrmaxezcdhkhefcvsyrzkmpzp/Build/Intermediates.noindex/SmallBizWorkspace.build/Debug-iphonesimulator/SmallBiz\ Workspace.build/Objects-normal/x86_64/SmallBizWorkspace-Swift.h -working-directory /Volumes/T7\ Shield/App\ creation/SimpleInvoice -experimental-emit-module-separately -disable-cmo

ProcessInfoPlistFile /Users/freeman/Library/Developer/Xcode/DerivedData/SmallBizWorkspace-cfozrmaxezcdhkhefcvsyrzkmpzp/Build/Products/Debug-iphonesimulator/SmallBizWorkspace.app/Info.plist /Volumes/T7\ Shield/App\ creation/SimpleInvoice/SmallBiz-Workspace-Info.plist (in target 'SmallBiz Workspace' from project 'SmallBizWorkspace')
    cd /Volumes/T7\ Shield/App\ creation/SimpleInvoice
    builtin-infoPlistUtility /Volumes/T7\ Shield/App\ creation/SimpleInvoice/SmallBiz-Workspace-Info.plist -producttype com.apple.product-type.application -genpkginfo /Users/freeman/Library/Developer/Xcode/DerivedData/SmallBizWorkspace-cfozrmaxezcdhkhefcvsyrzkmpzp/Build/Products/Debug-iphonesimulator/SmallBizWorkspace.app/PkgInfo -expandbuildsettings -format binary -platform iphonesimulator -additionalcontentfile /Users/freeman/Library/Developer/Xcode/DerivedData/SmallBizWorkspace-cfozrmaxezcdhkhefcvsyrzkmpzp/Build/Intermediates.noindex/SmallBizWorkspace.build/Debug-iphonesimulator/SmallBiz\ Workspace.build/LaunchScreen-SBPartialInfo.plist -additionalcontentfile /Users/freeman/Library/Developer/Xcode/DerivedData/SmallBizWorkspace-cfozrmaxezcdhkhefcvsyrzkmpzp/Build/Intermediates.noindex/SmallBizWorkspace.build/Debug-iphonesimulator/SmallBiz\ Workspace.build/assetcatalog_generated_info.plist -scanforprivacyfile /Users/freeman/Library/Developer/Xcode/DerivedData/SmallBizWorkspace-cfozrmaxezcdhkhefcvsyrzkmpzp/Build/Products/Debug-iphonesimulator/SmallBizWorkspace.app/ZIPFoundation_ZIPFoundation.bundle -o /Users/freeman/Library/Developer/Xcode/DerivedData/SmallBizWorkspace-cfozrmaxezcdhkhefcvsyrzkmpzp/Build/Products/Debug-iphonesimulator/SmallBizWorkspace.app/Info.plist

SwiftEmitModule normal x86_64 Emitting\ module\ for\ SmallBizWorkspace (in target 'SmallBiz Workspace' from project 'SmallBizWorkspace')

EmitSwiftModule normal x86_64 (in target 'SmallBiz Workspace' from project 'SmallBizWorkspace')
    cd /Volumes/T7\ Shield/App\ creation/SimpleInvoice
    

SwiftCompile normal x86_64 Compiling\ SavedItemsView.swift /Volumes/T7\ Shield/App\ creation/SimpleInvoice/SmallBiz\ Workspace/SavedItemsView.swift (in target 'SmallBiz Workspace' from project 'SmallBizWorkspace')

SwiftCompile normal x86_64 /Volumes/T7\ Shield/App\ creation/SimpleInvoice/SmallBiz\ Workspace/SavedItemsView.swift (in target 'SmallBiz Workspace' from project 'SmallBizWorkspace')
    cd /Volumes/T7\ Shield/App\ creation/SimpleInvoice
    

SwiftCompile normal x86_64 Compiling\ BookingDetailView.swift /Volumes/T7\ Shield/App\ creation/SimpleInvoice/SmallBiz\ Workspace/BookingDetailView.swift (in target 'SmallBiz Workspace' from project 'SmallBizWorkspace')

SwiftCompile normal x86_64 /Volumes/T7\ Shield/App\ creation/SimpleInvoice/SmallBiz\ Workspace/BookingDetailView.swift (in target 'SmallBiz Workspace' from project 'SmallBizWorkspace')
    cd /Volumes/T7\ Shield/App\ creation/SimpleInvoice
    

SwiftCompile normal x86_64 Compiling\ ClientEditView.swift /Volumes/T7\ Shield/App\ creation/SimpleInvoice/SmallBiz\ Workspace/ClientEditView.swift (in target 'SmallBiz Workspace' from project 'SmallBizWorkspace')

SwiftCompile normal x86_64 /Volumes/T7\ Shield/App\ creation/SimpleInvoice/SmallBiz\ Workspace/ClientEditView.swift (in target 'SmallBiz Workspace' from project 'SmallBizWorkspace')
    cd /Volumes/T7\ Shield/App\ creation/SimpleInvoice
    

SwiftEmitModule normal arm64 Emitting\ module\ for\ SmallBizWorkspace (in target 'SmallBiz Workspace' from project 'SmallBizWorkspace')
EmitSwiftModule normal arm64 (in target 'SmallBiz Workspace' from project 'SmallBizWorkspace')
    cd /Volumes/T7\ Shield/App\ creation/SimpleInvoice
    

SwiftCompile normal arm64 Compiling\ ClientEditView.swift /Volumes/T7\ Shield/App\ creation/SimpleInvoice/SmallBiz\ Workspace/ClientEditView.swift (in target 'SmallBiz Workspace' from project 'SmallBizWorkspace')

SwiftCompile normal arm64 /Volumes/T7\ Shield/App\ creation/SimpleInvoice/SmallBiz\ Workspace/ClientEditView.swift (in target 'SmallBiz Workspace' from project 'SmallBizWorkspace')
    cd /Volumes/T7\ Shield/App\ creation/SimpleInvoice
    

SwiftCompile normal arm64 Compiling\ SavedItemsView.swift /Volumes/T7\ Shield/App\ creation/SimpleInvoice/SmallBiz\ Workspace/SavedItemsView.swift (in target 'SmallBiz Workspace' from project 'SmallBizWorkspace')

SwiftCompile normal arm64 /Volumes/T7\ Shield/App\ creation/SimpleInvoice/SmallBiz\ Workspace/SavedItemsView.swift (in target 'SmallBiz Workspace' from project 'SmallBizWorkspace')
    cd /Volumes/T7\ Shield/App\ creation/SimpleInvoice
    

SwiftCompile normal arm64 Compiling\ BookingDetailView.swift /Volumes/T7\ Shield/App\ creation/SimpleInvoice/SmallBiz\ Workspace/BookingDetailView.swift (in target 'SmallBiz Workspace' from project 'SmallBizWorkspace')

SwiftCompile normal arm64 /Volumes/T7\ Shield/App\ creation/SimpleInvoice/SmallBiz\ Workspace/BookingDetailView.swift (in target 'SmallBiz Workspace' from project 'SmallBizWorkspace')
    cd /Volumes/T7\ Shield/App\ creation/SimpleInvoice
    

SwiftDriverJobDiscovery normal x86_64 Compiling SavedItemsView.swift (in target 'SmallBiz Workspace' from project 'SmallBizWorkspace')

SwiftDriverJobDiscovery normal arm64 Compiling SavedItemsView.swift (in target 'SmallBiz Workspace' from project 'SmallBizWorkspace')

SwiftDriverJobDiscovery normal arm64 Compiling ClientEditView.swift (in target 'SmallBiz Workspace' from project 'SmallBizWorkspace')

SwiftCompile normal arm64 Compiling\ ClientPickerView.swift /Volumes/T7\ Shield/App\ creation/SimpleInvoice/SmallBiz\ Workspace/ClientPickerView.swift (in target 'SmallBiz Workspace' from project 'SmallBizWorkspace')
SwiftCompile normal arm64 /Volumes/T7\ Shield/App\ creation/SimpleInvoice/SmallBiz\ Workspace/ClientPickerView.swift (in target 'SmallBiz Workspace' from project 'SmallBizWorkspace')
    cd /Volumes/T7\ Shield/App\ creation/SimpleInvoice
    

SwiftCompile normal arm64 Compiling\ ContractDetailView.swift /Volumes/T7\ Shield/App\ creation/SimpleInvoice/SmallBiz\ Workspace/ContractDetailView.swift (in target 'SmallBiz Workspace' from project 'SmallBizWorkspace')
SwiftCompile normal arm64 /Volumes/T7\ Shield/App\ creation/SimpleInvoice/SmallBiz\ Workspace/ContractDetailView.swift (in target 'SmallBiz Workspace' from project 'SmallBizWorkspace')
    cd /Volumes/T7\ Shield/App\ creation/SimpleInvoice
    

SwiftCompile normal arm64 Compiling\ ClientPickerManualFetchView.swift /Volumes/T7\ Shield/App\ creation/SimpleInvoice/SmallBiz\ Workspace/ClientPickerManualFetchView.swift (in target 'SmallBiz Workspace' from project 'SmallBizWorkspace')

SwiftCompile normal arm64 /Volumes/T7\ Shield/App\ creation/SimpleInvoice/SmallBiz\ Workspace/ClientPickerManualFetchView.swift (in target 'SmallBiz Workspace' from project 'SmallBizWorkspace')
    cd /Volumes/T7\ Shield/App\ creation/SimpleInvoice
    

SwiftCompile normal arm64 Compiling\ ClientListView.swift /Volumes/T7\ Shield/App\ creation/SimpleInvoice/SmallBiz\ Workspace/ClientListView.swift (in target 'SmallBiz Workspace' from project 'SmallBizWorkspace')

SwiftCompile normal arm64 /Volumes/T7\ Shield/App\ creation/SimpleInvoice/SmallBiz\ Workspace/ClientListView.swift (in target 'SmallBiz Workspace' from project 'SmallBizWorkspace')
    cd /Volumes/T7\ Shield/App\ creation/SimpleInvoice
    

SwiftCompile normal arm64 Compiling\ CreateMenuSheet.swift /Volumes/T7\ Shield/App\ creation/SimpleInvoice/SmallBiz\ Workspace/CreateMenuSheet.swift (in target 'SmallBiz Workspace' from project 'SmallBizWorkspace')

SwiftCompile normal arm64 /Volumes/T7\ Shield/App\ creation/SimpleInvoice/SmallBiz\ Workspace/CreateMenuSheet.swift (in target 'SmallBiz Workspace' from project 'SmallBizWorkspace')
    cd /Volumes/T7\ Shield/App\ creation/SimpleInvoice
    

SwiftCompile normal arm64 Compiling\ PortalDirectoryLauncherView.swift /Volumes/T7\ Shield/App\ creation/SimpleInvoice/SmallBiz\ Workspace/PortalDirectoryLauncherView.swift (in target 'SmallBiz Workspace' from project 'SmallBizWorkspace')

SwiftCompile normal arm64 /Volumes/T7\ Shield/App\ creation/SimpleInvoice/SmallBiz\ Workspace/PortalDirectoryLauncherView.swift (in target 'SmallBiz Workspace' from project 'SmallBizWorkspace')
    cd /Volumes/T7\ Shield/App\ creation/SimpleInvoice
    

SwiftCompile normal arm64 Compiling\ InvoiceDetailView.swift /Volumes/T7\ Shield/App\ creation/SimpleInvoice/SmallBiz\ Workspace/InvoiceDetailView.swift (in target 'SmallBiz Workspace' from project 'SmallBizWorkspace')
SwiftCompile normal arm64 /Volumes/T7\ Shield/App\ creation/SimpleInvoice/SmallBiz\ Workspace/InvoiceDetailView.swift (in target 'SmallBiz Workspace' from project 'SmallBizWorkspace')
    cd /Volumes/T7\ Shield/App\ creation/SimpleInvoice
    

SwiftDriverJobDiscovery normal arm64 Compiling BookingDetailView.swift (in target 'SmallBiz Workspace' from project 'SmallBizWorkspace')

SwiftDriverJobDiscovery normal x86_64 Compiling ClientEditView.swift (in target 'SmallBiz Workspace' from project 'SmallBizWorkspace')

SwiftCompile normal x86_64 Compiling\ ClientPickerManualFetchView.swift /Volumes/T7\ Shield/App\ creation/SimpleInvoice/SmallBiz\ Workspace/ClientPickerManualFetchView.swift (in target 'SmallBiz Workspace' from project 'SmallBizWorkspace')

SwiftCompile normal x86_64 /Volumes/T7\ Shield/App\ creation/SimpleInvoice/SmallBiz\ Workspace/ClientPickerManualFetchView.swift (in target 'SmallBiz Workspace' from project 'SmallBizWorkspace')
    cd /Volumes/T7\ Shield/App\ creation/SimpleInvoice
    

SwiftCompile normal x86_64 Compiling\ CreateMenuSheet.swift /Volumes/T7\ Shield/App\ creation/SimpleInvoice/SmallBiz\ Workspace/CreateMenuSheet.swift (in target 'SmallBiz Workspace' from project 'SmallBizWorkspace')

SwiftCompile normal x86_64 /Volumes/T7\ Shield/App\ creation/SimpleInvoice/SmallBiz\ Workspace/CreateMenuSheet.swift (in target 'SmallBiz Workspace' from project 'SmallBizWorkspace')
    cd /Volumes/T7\ Shield/App\ creation/SimpleInvoice
    

SwiftCompile normal x86_64 Compiling\ ClientListView.swift /Volumes/T7\ Shield/App\ creation/SimpleInvoice/SmallBiz\ Workspace/ClientListView.swift (in target 'SmallBiz Workspace' from project 'SmallBizWorkspace')

SwiftCompile normal x86_64 /Volumes/T7\ Shield/App\ creation/SimpleInvoice/SmallBiz\ Workspace/ClientListView.swift (in target 'SmallBiz Workspace' from project 'SmallBizWorkspace')
    cd /Volumes/T7\ Shield/App\ creation/SimpleInvoice
    

SwiftCompile normal x86_64 Compiling\ InvoiceDetailView.swift /Volumes/T7\ Shield/App\ creation/SimpleInvoice/SmallBiz\ Workspace/InvoiceDetailView.swift (in target 'SmallBiz Workspace' from project 'SmallBizWorkspace')
SwiftCompile normal x86_64 /Volumes/T7\ Shield/App\ creation/SimpleInvoice/SmallBiz\ Workspace/InvoiceDetailView.swift (in target 'SmallBiz Workspace' from project 'SmallBizWorkspace')
    cd /Volumes/T7\ Shield/App\ creation/SimpleInvoice
    

SwiftCompile normal x86_64 Compiling\ ContractDetailView.swift /Volumes/T7\ Shield/App\ creation/SimpleInvoice/SmallBiz\ Workspace/ContractDetailView.swift (in target 'SmallBiz Workspace' from project 'SmallBizWorkspace')

SwiftCompile normal x86_64 /Volumes/T7\ Shield/App\ creation/SimpleInvoice/SmallBiz\ Workspace/ContractDetailView.swift (in target 'SmallBiz Workspace' from project 'SmallBizWorkspace')
    cd /Volumes/T7\ Shield/App\ creation/SimpleInvoice
    

SwiftCompile normal x86_64 Compiling\ ClientPickerView.swift /Volumes/T7\ Shield/App\ creation/SimpleInvoice/SmallBiz\ Workspace/ClientPickerView.swift (in target 'SmallBiz Workspace' from project 'SmallBizWorkspace')

SwiftCompile normal x86_64 /Volumes/T7\ Shield/App\ creation/SimpleInvoice/SmallBiz\ Workspace/ClientPickerView.swift (in target 'SmallBiz Workspace' from project 'SmallBizWorkspace')
    cd /Volumes/T7\ Shield/App\ creation/SimpleInvoice
    

SwiftCompile normal x86_64 Compiling\ PortalDirectoryLauncherView.swift /Volumes/T7\ Shield/App\ creation/SimpleInvoice/SmallBiz\ Workspace/PortalDirectoryLauncherView.swift (in target 'SmallBiz Workspace' from project 'SmallBizWorkspace')

SwiftCompile normal x86_64 /Volumes/T7\ Shield/App\ creation/SimpleInvoice/SmallBiz\ Workspace/PortalDirectoryLauncherView.swift (in target 'SmallBiz Workspace' from project 'SmallBizWorkspace')
    cd /Volumes/T7\ Shield/App\ creation/SimpleInvoice
    

SwiftDriverJobDiscovery normal x86_64 Compiling BookingDetailView.swift (in target 'SmallBiz Workspace' from project 'SmallBizWorkspace')

SwiftDriverJobDiscovery normal x86_64 Emitting module for SmallBizWorkspace (in target 'SmallBiz Workspace' from project 'SmallBizWorkspace')

SwiftDriver\ Compilation\ Requirements SmallBiz\ Workspace normal x86_64 com.apple.xcode.tools.swift.compiler (in target 'SmallBiz Workspace' from project 'SmallBizWorkspace')
    cd /Volumes/T7\ Shield/App\ creation/SimpleInvoice
    builtin-Swift-Compilation-Requirements -- /Applications/Xcode.app/Contents/Developer/Toolchains/XcodeDefault.xctoolchain/usr/bin/swiftc -module-name SmallBizWorkspace -Onone -enforce-exclusivity\=checked @/Users/freeman/Library/Developer/Xcode/DerivedData/SmallBizWorkspace-cfozrmaxezcdhkhefcvsyrzkmpzp/Build/Intermediates.noindex/SmallBizWorkspace.build/Debug-iphonesimulator/SmallBiz\ Workspace.build/Objects-normal/x86_64/SmallBizWorkspace.SwiftFileList -DDEBUG -default-isolation\=MainActor -enable-bare-slash-regex -enable-upcoming-feature DisableOutwardActorInference -enable-upcoming-feature InferSendableFromCaptures -enable-upcoming-feature GlobalActorIsolatedTypesUsability -enable-upcoming-feature MemberImportVisibility -enable-upcoming-feature InferIsolatedConformances -enable-upcoming-feature NonisolatedNonsendingByDefault -enable-experimental-feature DebugDescriptionMacro -sdk /Applications/Xcode.app/Contents/Developer/Platforms/iPhoneSimulator.platform/Developer/SDKs/iPhoneSimulator26.2.sdk -target x86_64-apple-ios17.6-simulator -g -module-cache-path /Users/freeman/Library/Developer/Xcode/DerivedData/ModuleCache.noindex -Xfrontend -serialize-debugging-options -profile-coverage-mapping -profile-generate -enable-testing -index-store-path /Users/freeman/Library/Developer/Xcode/DerivedData/SmallBizWorkspace-cfozrmaxezcdhkhefcvsyrzkmpzp/Index.noindex/DataStore -Xcc -D_LIBCPP_HARDENING_MODE\=_LIBCPP_HARDENING_MODE_DEBUG -swift-version 5 -I /Users/freeman/Library/Developer/Xcode/DerivedData/SmallBizWorkspace-cfozrmaxezcdhkhefcvsyrzkmpzp/Build/Products/Debug-iphonesimulator -F /Users/freeman/Library/Developer/Xcode/DerivedData/SmallBizWorkspace-cfozrmaxezcdhkhefcvsyrzkmpzp/Build/Products/Debug-iphonesimulator/PackageFrameworks -F /Users/freeman/Library/Developer/Xcode/DerivedData/SmallBizWorkspace-cfozrmaxezcdhkhefcvsyrzkmpzp/Build/Products/Debug-iphonesimulator -emit-localized-strings -emit-localized-strings-path /Users/freeman/Library/Developer/Xcode/DerivedData/SmallBizWorkspace-cfozrmaxezcdhkhefcvsyrzkmpzp/Build/Intermediates.noindex/SmallBizWorkspace.build/Debug-iphonesimulator/SmallBiz\ Workspace.build/Objects-normal/x86_64 -c -j16 -enable-batch-mode -incremental -Xcc -ivfsstatcache -Xcc /Users/freeman/Library/Developer/Xcode/DerivedData/SDKStatCaches.noindex/iphonesimulator26.2-23C53-7d00a8b37fbd7999ea79df8ebc024bf0.sdkstatcache -output-file-map /Users/freeman/Library/Developer/Xcode/DerivedData/SmallBizWorkspace-cfozrmaxezcdhkhefcvsyrzkmpzp/Build/Intermediates.noindex/SmallBizWorkspace.build/Debug-iphonesimulator/SmallBiz\ Workspace.build/Objects-normal/x86_64/SmallBiz\ Workspace-OutputFileMap.json -use-frontend-parseable-output -save-temps -no-color-diagnostics -explicit-module-build -module-cache-path /Users/freeman/Library/Developer/Xcode/DerivedData/SmallBizWorkspace-cfozrmaxezcdhkhefcvsyrzkmpzp/Build/Intermediates.noindex/SwiftExplicitPrecompiledModules -clang-scanner-module-cache-path /Users/freeman/Library/Developer/Xcode/DerivedData/ModuleCache.noindex -sdk-module-cache-path /Users/freeman/Library/Developer/Xcode/DerivedData/ModuleCache.noindex -serialize-diagnostics -emit-dependencies -emit-module -emit-module-path /Users/freeman/Library/Developer/Xcode/DerivedData/SmallBizWorkspace-cfozrmaxezcdhkhefcvsyrzkmpzp/Build/Intermediates.noindex/SmallBizWorkspace.build/Debug-iphonesimulator/SmallBiz\ Workspace.build/Objects-normal/x86_64/SmallBizWorkspace.swiftmodule -validate-clang-modules-once -clang-build-session-file /Users/freeman/Library/Developer/Xcode/DerivedData/ModuleCache.noindex/Session.modulevalidation -Xcc -I/Users/freeman/Library/Developer/Xcode/DerivedData/SmallBizWorkspace-cfozrmaxezcdhkhefcvsyrzkmpzp/Build/Intermediates.noindex/SmallBizWorkspace.build/Debug-iphonesimulator/SmallBiz\ Workspace.build/swift-overrides.hmap -emit-const-values -Xfrontend -const-gather-protocols-file -Xfrontend /Users/freeman/Library/Developer/Xcode/DerivedData/SmallBizWorkspace-cfozrmaxezcdhkhefcvsyrzkmpzp/Build/Intermediates.noindex/SmallBizWorkspace.build/Debug-iphonesimulator/SmallBiz\ Workspace.build/Objects-normal/x86_64/SmallBiz\ Workspace_const_extract_protocols.json -Xcc -iquote -Xcc /Users/freeman/Library/Developer/Xcode/DerivedData/SmallBizWorkspace-cfozrmaxezcdhkhefcvsyrzkmpzp/Build/Intermediates.noindex/SmallBizWorkspace.build/Debug-iphonesimulator/SmallBiz\ Workspace.build/SmallBizWorkspace-generated-files.hmap -Xcc -I/Users/freeman/Library/Developer/Xcode/DerivedData/SmallBizWorkspace-cfozrmaxezcdhkhefcvsyrzkmpzp/Build/Intermediates.noindex/SmallBizWorkspace.build/Debug-iphonesimulator/SmallBiz\ Workspace.build/SmallBizWorkspace-own-target-headers.hmap -Xcc -I/Users/freeman/Library/Developer/Xcode/DerivedData/SmallBizWorkspace-cfozrmaxezcdhkhefcvsyrzkmpzp/Build/Intermediates.noindex/SmallBizWorkspace.build/Debug-iphonesimulator/SmallBiz\ Workspace.build/SmallBizWorkspace-all-non-framework-target-headers.hmap -Xcc -ivfsoverlay -Xcc /Users/freeman/Library/Developer/Xcode/DerivedData/SmallBizWorkspace-cfozrmaxezcdhkhefcvsyrzkmpzp/Build/Intermediates.noindex/SmallBizWorkspace.build/Debug-iphonesimulator/SmallBizWorkspace-54cf17d1326c0e2aeed27d6790c4c504-VFS-iphonesimulator/all-product-headers.yaml -Xcc -iquote -Xcc /Users/freeman/Library/Developer/Xcode/DerivedData/SmallBizWorkspace-cfozrmaxezcdhkhefcvsyrzkmpzp/Build/Intermediates.noindex/SmallBizWorkspace.build/Debug-iphonesimulator/SmallBiz\ Workspace.build/SmallBizWorkspace-project-headers.hmap -Xcc -I/Users/freeman/Library/Developer/Xcode/DerivedData/SmallBizWorkspace-cfozrmaxezcdhkhefcvsyrzkmpzp/Build/Products/Debug-iphonesimulator/include -Xcc -I/Users/freeman/Library/Developer/Xcode/DerivedData/SmallBizWorkspace-cfozrmaxezcdhkhefcvsyrzkmpzp/Build/Intermediates.noindex/SmallBizWorkspace.build/Debug-iphonesimulator/SmallBiz\ Workspace.build/DerivedSources-normal/x86_64 -Xcc -I/Users/freeman/Library/Developer/Xcode/DerivedData/SmallBizWorkspace-cfozrmaxezcdhkhefcvsyrzkmpzp/Build/Intermediates.noindex/SmallBizWorkspace.build/Debug-iphonesimulator/SmallBiz\ Workspace.build/DerivedSources/x86_64 -Xcc -I/Users/freeman/Library/Developer/Xcode/DerivedData/SmallBizWorkspace-cfozrmaxezcdhkhefcvsyrzkmpzp/Build/Intermediates.noindex/SmallBizWorkspace.build/Debug-iphonesimulator/SmallBiz\ Workspace.build/DerivedSources -Xcc -DDEBUG\=1 -emit-objc-header -emit-objc-header-path /Users/freeman/Library/Developer/Xcode/DerivedData/SmallBizWorkspace-cfozrmaxezcdhkhefcvsyrzkmpzp/Build/Intermediates.noindex/SmallBizWorkspace.build/Debug-iphonesimulator/SmallBiz\ Workspace.build/Objects-normal/x86_64/SmallBizWorkspace-Swift.h -working-directory /Volumes/T7\ Shield/App\ creation/SimpleInvoice -experimental-emit-module-separately -disable-cmo

SwiftDriverJobDiscovery normal arm64 Emitting module for SmallBizWorkspace (in target 'SmallBiz Workspace' from project 'SmallBizWorkspace')

SwiftDriver\ Compilation\ Requirements SmallBiz\ Workspace normal arm64 com.apple.xcode.tools.swift.compiler (in target 'SmallBiz Workspace' from project 'SmallBizWorkspace')
    cd /Volumes/T7\ Shield/App\ creation/SimpleInvoice
    builtin-Swift-Compilation-Requirements -- /Applications/Xcode.app/Contents/Developer/Toolchains/XcodeDefault.xctoolchain/usr/bin/swiftc -module-name SmallBizWorkspace -Onone -enforce-exclusivity\=checked @/Users/freeman/Library/Developer/Xcode/DerivedData/SmallBizWorkspace-cfozrmaxezcdhkhefcvsyrzkmpzp/Build/Intermediates.noindex/SmallBizWorkspace.build/Debug-iphonesimulator/SmallBiz\ Workspace.build/Objects-normal/arm64/SmallBizWorkspace.SwiftFileList -DDEBUG -default-isolation\=MainActor -enable-bare-slash-regex -enable-upcoming-feature DisableOutwardActorInference -enable-upcoming-feature InferSendableFromCaptures -enable-upcoming-feature GlobalActorIsolatedTypesUsability -enable-upcoming-feature MemberImportVisibility -enable-upcoming-feature InferIsolatedConformances -enable-upcoming-feature NonisolatedNonsendingByDefault -enable-experimental-feature DebugDescriptionMacro -sdk /Applications/Xcode.app/Contents/Developer/Platforms/iPhoneSimulator.platform/Developer/SDKs/iPhoneSimulator26.2.sdk -target arm64-apple-ios17.6-simulator -g -module-cache-path /Users/freeman/Library/Developer/Xcode/DerivedData/ModuleCache.noindex -Xfrontend -serialize-debugging-options -profile-coverage-mapping -profile-generate -enable-testing -index-store-path /Users/freeman/Library/Developer/Xcode/DerivedData/SmallBizWorkspace-cfozrmaxezcdhkhefcvsyrzkmpzp/Index.noindex/DataStore -Xcc -D_LIBCPP_HARDENING_MODE\=_LIBCPP_HARDENING_MODE_DEBUG -swift-version 5 -I /Users/freeman/Library/Developer/Xcode/DerivedData/SmallBizWorkspace-cfozrmaxezcdhkhefcvsyrzkmpzp/Build/Products/Debug-iphonesimulator -F /Users/freeman/Library/Developer/Xcode/DerivedData/SmallBizWorkspace-cfozrmaxezcdhkhefcvsyrzkmpzp/Build/Products/Debug-iphonesimulator/PackageFrameworks -F /Users/freeman/Library/Developer/Xcode/DerivedData/SmallBizWorkspace-cfozrmaxezcdhkhefcvsyrzkmpzp/Build/Products/Debug-iphonesimulator -emit-localized-strings -emit-localized-strings-path /Users/freeman/Library/Developer/Xcode/DerivedData/SmallBizWorkspace-cfozrmaxezcdhkhefcvsyrzkmpzp/Build/Intermediates.noindex/SmallBizWorkspace.build/Debug-iphonesimulator/SmallBiz\ Workspace.build/Objects-normal/arm64 -c -j16 -enable-batch-mode -incremental -Xcc -ivfsstatcache -Xcc /Users/freeman/Library/Developer/Xcode/DerivedData/SDKStatCaches.noindex/iphonesimulator26.2-23C53-7d00a8b37fbd7999ea79df8ebc024bf0.sdkstatcache -output-file-map /Users/freeman/Library/Developer/Xcode/DerivedData/SmallBizWorkspace-cfozrmaxezcdhkhefcvsyrzkmpzp/Build/Intermediates.noindex/SmallBizWorkspace.build/Debug-iphonesimulator/SmallBiz\ Workspace.build/Objects-normal/arm64/SmallBiz\ Workspace-OutputFileMap.json -use-frontend-parseable-output -save-temps -no-color-diagnostics -explicit-module-build -module-cache-path /Users/freeman/Library/Developer/Xcode/DerivedData/SmallBizWorkspace-cfozrmaxezcdhkhefcvsyrzkmpzp/Build/Intermediates.noindex/SwiftExplicitPrecompiledModules -clang-scanner-module-cache-path /Users/freeman/Library/Developer/Xcode/DerivedData/ModuleCache.noindex -sdk-module-cache-path /Users/freeman/Library/Developer/Xcode/DerivedData/ModuleCache.noindex -serialize-diagnostics -emit-dependencies -emit-module -emit-module-path /Users/freeman/Library/Developer/Xcode/DerivedData/SmallBizWorkspace-cfozrmaxezcdhkhefcvsyrzkmpzp/Build/Intermediates.noindex/SmallBizWorkspace.build/Debug-iphonesimulator/SmallBiz\ Workspace.build/Objects-normal/arm64/SmallBizWorkspace.swiftmodule -validate-clang-modules-once -clang-build-session-file /Users/freeman/Library/Developer/Xcode/DerivedData/ModuleCache.noindex/Session.modulevalidation -Xcc -I/Users/freeman/Library/Developer/Xcode/DerivedData/SmallBizWorkspace-cfozrmaxezcdhkhefcvsyrzkmpzp/Build/Intermediates.noindex/SmallBizWorkspace.build/Debug-iphonesimulator/SmallBiz\ Workspace.build/swift-overrides.hmap -emit-const-values -Xfrontend -const-gather-protocols-file -Xfrontend /Users/freeman/Library/Developer/Xcode/DerivedData/SmallBizWorkspace-cfozrmaxezcdhkhefcvsyrzkmpzp/Build/Intermediates.noindex/SmallBizWorkspace.build/Debug-iphonesimulator/SmallBiz\ Workspace.build/Objects-normal/arm64/SmallBiz\ Workspace_const_extract_protocols.json -Xcc -iquote -Xcc /Users/freeman/Library/Developer/Xcode/DerivedData/SmallBizWorkspace-cfozrmaxezcdhkhefcvsyrzkmpzp/Build/Intermediates.noindex/SmallBizWorkspace.build/Debug-iphonesimulator/SmallBiz\ Workspace.build/SmallBizWorkspace-generated-files.hmap -Xcc -I/Users/freeman/Library/Developer/Xcode/DerivedData/SmallBizWorkspace-cfozrmaxezcdhkhefcvsyrzkmpzp/Build/Intermediates.noindex/SmallBizWorkspace.build/Debug-iphonesimulator/SmallBiz\ Workspace.build/SmallBizWorkspace-own-target-headers.hmap -Xcc -I/Users/freeman/Library/Developer/Xcode/DerivedData/SmallBizWorkspace-cfozrmaxezcdhkhefcvsyrzkmpzp/Build/Intermediates.noindex/SmallBizWorkspace.build/Debug-iphonesimulator/SmallBiz\ Workspace.build/SmallBizWorkspace-all-non-framework-target-headers.hmap -Xcc -ivfsoverlay -Xcc /Users/freeman/Library/Developer/Xcode/DerivedData/SmallBizWorkspace-cfozrmaxezcdhkhefcvsyrzkmpzp/Build/Intermediates.noindex/SmallBizWorkspace.build/Debug-iphonesimulator/SmallBizWorkspace-54cf17d1326c0e2aeed27d6790c4c504-VFS-iphonesimulator/all-product-headers.yaml -Xcc -iquote -Xcc /Users/freeman/Library/Developer/Xcode/DerivedData/SmallBizWorkspace-cfozrmaxezcdhkhefcvsyrzkmpzp/Build/Intermediates.noindex/SmallBizWorkspace.build/Debug-iphonesimulator/SmallBiz\ Workspace.build/SmallBizWorkspace-project-headers.hmap -Xcc -I/Users/freeman/Library/Developer/Xcode/DerivedData/SmallBizWorkspace-cfozrmaxezcdhkhefcvsyrzkmpzp/Build/Products/Debug-iphonesimulator/include -Xcc -I/Users/freeman/Library/Developer/Xcode/DerivedData/SmallBizWorkspace-cfozrmaxezcdhkhefcvsyrzkmpzp/Build/Intermediates.noindex/SmallBizWorkspace.build/Debug-iphonesimulator/SmallBiz\ Workspace.build/DerivedSources-normal/arm64 -Xcc -I/Users/freeman/Library/Developer/Xcode/DerivedData/SmallBizWorkspace-cfozrmaxezcdhkhefcvsyrzkmpzp/Build/Intermediates.noindex/SmallBizWorkspace.build/Debug-iphonesimulator/SmallBiz\ Workspace.build/DerivedSources/arm64 -Xcc -I/Users/freeman/Library/Developer/Xcode/DerivedData/SmallBizWorkspace-cfozrmaxezcdhkhefcvsyrzkmpzp/Build/Intermediates.noindex/SmallBizWorkspace.build/Debug-iphonesimulator/SmallBiz\ Workspace.build/DerivedSources -Xcc -DDEBUG\=1 -emit-objc-header -emit-objc-header-path /Users/freeman/Library/Developer/Xcode/DerivedData/SmallBizWorkspace-cfozrmaxezcdhkhefcvsyrzkmpzp/Build/Intermediates.noindex/SmallBizWorkspace.build/Debug-iphonesimulator/SmallBiz\ Workspace.build/Objects-normal/arm64/SmallBizWorkspace-Swift.h -working-directory /Volumes/T7\ Shield/App\ creation/SimpleInvoice -experimental-emit-module-separately -disable-cmo

Copy /Users/freeman/Library/Developer/Xcode/DerivedData/SmallBizWorkspace-cfozrmaxezcdhkhefcvsyrzkmpzp/Build/Products/Debug-iphonesimulator/SmallBizWorkspace.swiftmodule/x86_64-apple-ios-simulator.swiftmodule /Users/freeman/Library/Developer/Xcode/DerivedData/SmallBizWorkspace-cfozrmaxezcdhkhefcvsyrzkmpzp/Build/Intermediates.noindex/SmallBizWorkspace.build/Debug-iphonesimulator/SmallBiz\ Workspace.build/Objects-normal/x86_64/SmallBizWorkspace.swiftmodule (in target 'SmallBiz Workspace' from project 'SmallBizWorkspace')
    cd /Volumes/T7\ Shield/App\ creation/SimpleInvoice
    builtin-copy -exclude .DS_Store -exclude CVS -exclude .svn -exclude .git -exclude .hg -resolve-src-symlinks -rename /Users/freeman/Library/Developer/Xcode/DerivedData/SmallBizWorkspace-cfozrmaxezcdhkhefcvsyrzkmpzp/Build/Intermediates.noindex/SmallBizWorkspace.build/Debug-iphonesimulator/SmallBiz\ Workspace.build/Objects-normal/x86_64/SmallBizWorkspace.swiftmodule /Users/freeman/Library/Developer/Xcode/DerivedData/SmallBizWorkspace-cfozrmaxezcdhkhefcvsyrzkmpzp/Build/Products/Debug-iphonesimulator/SmallBizWorkspace.swiftmodule/x86_64-apple-ios-simulator.swiftmodule

Copy /Users/freeman/Library/Developer/Xcode/DerivedData/SmallBizWorkspace-cfozrmaxezcdhkhefcvsyrzkmpzp/Build/Products/Debug-iphonesimulator/SmallBizWorkspace.swiftmodule/x86_64-apple-ios-simulator.abi.json /Users/freeman/Library/Developer/Xcode/DerivedData/SmallBizWorkspace-cfozrmaxezcdhkhefcvsyrzkmpzp/Build/Intermediates.noindex/SmallBizWorkspace.build/Debug-iphonesimulator/SmallBiz\ Workspace.build/Objects-normal/x86_64/SmallBizWorkspace.abi.json (in target 'SmallBiz Workspace' from project 'SmallBizWorkspace')
    cd /Volumes/T7\ Shield/App\ creation/SimpleInvoice
    builtin-copy -exclude .DS_Store -exclude CVS -exclude .svn -exclude .git -exclude .hg -resolve-src-symlinks -rename /Users/freeman/Library/Developer/Xcode/DerivedData/SmallBizWorkspace-cfozrmaxezcdhkhefcvsyrzkmpzp/Build/Intermediates.noindex/SmallBizWorkspace.build/Debug-iphonesimulator/SmallBiz\ Workspace.build/Objects-normal/x86_64/SmallBizWorkspace.abi.json /Users/freeman/Library/Developer/Xcode/DerivedData/SmallBizWorkspace-cfozrmaxezcdhkhefcvsyrzkmpzp/Build/Products/Debug-iphonesimulator/SmallBizWorkspace.swiftmodule/x86_64-apple-ios-simulator.abi.json

Copy /Users/freeman/Library/Developer/Xcode/DerivedData/SmallBizWorkspace-cfozrmaxezcdhkhefcvsyrzkmpzp/Build/Products/Debug-iphonesimulator/SmallBizWorkspace.swiftmodule/arm64-apple-ios-simulator.swiftmodule /Users/freeman/Library/Developer/Xcode/DerivedData/SmallBizWorkspace-cfozrmaxezcdhkhefcvsyrzkmpzp/Build/Intermediates.noindex/SmallBizWorkspace.build/Debug-iphonesimulator/SmallBiz\ Workspace.build/Objects-normal/arm64/SmallBizWorkspace.swiftmodule (in target 'SmallBiz Workspace' from project 'SmallBizWorkspace')
    cd /Volumes/T7\ Shield/App\ creation/SimpleInvoice
    builtin-copy -exclude .DS_Store -exclude CVS -exclude .svn -exclude .git -exclude .hg -resolve-src-symlinks -rename /Users/freeman/Library/Developer/Xcode/DerivedData/SmallBizWorkspace-cfozrmaxezcdhkhefcvsyrzkmpzp/Build/Intermediates.noindex/SmallBizWorkspace.build/Debug-iphonesimulator/SmallBiz\ Workspace.build/Objects-normal/arm64/SmallBizWorkspace.swiftmodule /Users/freeman/Library/Developer/Xcode/DerivedData/SmallBizWorkspace-cfozrmaxezcdhkhefcvsyrzkmpzp/Build/Products/Debug-iphonesimulator/SmallBizWorkspace.swiftmodule/arm64-apple-ios-simulator.swiftmodule

Copy /Users/freeman/Library/Developer/Xcode/DerivedData/SmallBizWorkspace-cfozrmaxezcdhkhefcvsyrzkmpzp/Build/Products/Debug-iphonesimulator/SmallBizWorkspace.swiftmodule/arm64-apple-ios-simulator.abi.json /Users/freeman/Library/Developer/Xcode/DerivedData/SmallBizWorkspace-cfozrmaxezcdhkhefcvsyrzkmpzp/Build/Intermediates.noindex/SmallBizWorkspace.build/Debug-iphonesimulator/SmallBiz\ Workspace.build/Objects-normal/arm64/SmallBizWorkspace.abi.json (in target 'SmallBiz Workspace' from project 'SmallBizWorkspace')
    cd /Volumes/T7\ Shield/App\ creation/SimpleInvoice
    builtin-copy -exclude .DS_Store -exclude CVS -exclude .svn -exclude .git -exclude .hg -resolve-src-symlinks -rename /Users/freeman/Library/Developer/Xcode/DerivedData/SmallBizWorkspace-cfozrmaxezcdhkhefcvsyrzkmpzp/Build/Intermediates.noindex/SmallBizWorkspace.build/Debug-iphonesimulator/SmallBiz\ Workspace.build/Objects-normal/arm64/SmallBizWorkspace.abi.json /Users/freeman/Library/Developer/Xcode/DerivedData/SmallBizWorkspace-cfozrmaxezcdhkhefcvsyrzkmpzp/Build/Products/Debug-iphonesimulator/SmallBizWorkspace.swiftmodule/arm64-apple-ios-simulator.abi.json

Copy /Users/freeman/Library/Developer/Xcode/DerivedData/SmallBizWorkspace-cfozrmaxezcdhkhefcvsyrzkmpzp/Build/Products/Debug-iphonesimulator/SmallBizWorkspace.swiftmodule/Project/x86_64-apple-ios-simulator.swiftsourceinfo /Users/freeman/Library/Developer/Xcode/DerivedData/SmallBizWorkspace-cfozrmaxezcdhkhefcvsyrzkmpzp/Build/Intermediates.noindex/SmallBizWorkspace.build/Debug-iphonesimulator/SmallBiz\ Workspace.build/Objects-normal/x86_64/SmallBizWorkspace.swiftsourceinfo (in target 'SmallBiz Workspace' from project 'SmallBizWorkspace')
    cd /Volumes/T7\ Shield/App\ creation/SimpleInvoice
    builtin-copy -exclude .DS_Store -exclude CVS -exclude .svn -exclude .git -exclude .hg -resolve-src-symlinks -rename /Users/freeman/Library/Developer/Xcode/DerivedData/SmallBizWorkspace-cfozrmaxezcdhkhefcvsyrzkmpzp/Build/Intermediates.noindex/SmallBizWorkspace.build/Debug-iphonesimulator/SmallBiz\ Workspace.build/Objects-normal/x86_64/SmallBizWorkspace.swiftsourceinfo /Users/freeman/Library/Developer/Xcode/DerivedData/SmallBizWorkspace-cfozrmaxezcdhkhefcvsyrzkmpzp/Build/Products/Debug-iphonesimulator/SmallBizWorkspace.swiftmodule/Project/x86_64-apple-ios-simulator.swiftsourceinfo

Copy /Users/freeman/Library/Developer/Xcode/DerivedData/SmallBizWorkspace-cfozrmaxezcdhkhefcvsyrzkmpzp/Build/Products/Debug-iphonesimulator/SmallBizWorkspace.swiftmodule/Project/arm64-apple-ios-simulator.swiftsourceinfo /Users/freeman/Library/Developer/Xcode/DerivedData/SmallBizWorkspace-cfozrmaxezcdhkhefcvsyrzkmpzp/Build/Intermediates.noindex/SmallBizWorkspace.build/Debug-iphonesimulator/SmallBiz\ Workspace.build/Objects-normal/arm64/SmallBizWorkspace.swiftsourceinfo (in target 'SmallBiz Workspace' from project 'SmallBizWorkspace')
    cd /Volumes/T7\ Shield/App\ creation/SimpleInvoice
    builtin-copy -exclude .DS_Store -exclude CVS -exclude .svn -exclude .git -exclude .hg -resolve-src-symlinks -rename /Users/freeman/Library/Developer/Xcode/DerivedData/SmallBizWorkspace-cfozrmaxezcdhkhefcvsyrzkmpzp/Build/Intermediates.noindex/SmallBizWorkspace.build/Debug-iphonesimulator/SmallBiz\ Workspace.build/Objects-normal/arm64/SmallBizWorkspace.swiftsourceinfo /Users/freeman/Library/Developer/Xcode/DerivedData/SmallBizWorkspace-cfozrmaxezcdhkhefcvsyrzkmpzp/Build/Products/Debug-iphonesimulator/SmallBizWorkspace.swiftmodule/Project/arm64-apple-ios-simulator.swiftsourceinfo

SwiftDriverJobDiscovery normal arm64 Compiling PortalDirectoryLauncherView.swift (in target 'SmallBiz Workspace' from project 'SmallBizWorkspace')

SwiftDriverJobDiscovery normal x86_64 Compiling PortalDirectoryLauncherView.swift (in target 'SmallBiz Workspace' from project 'SmallBizWorkspace')

SwiftDriverJobDiscovery normal arm64 Compiling ClientListView.swift (in target 'SmallBiz Workspace' from project 'SmallBizWorkspace')

SwiftDriverJobDiscovery normal x86_64 Compiling ClientListView.swift (in target 'SmallBiz Workspace' from project 'SmallBizWorkspace')

SwiftDriverJobDiscovery normal arm64 Compiling ClientPickerView.swift (in target 'SmallBiz Workspace' from project 'SmallBizWorkspace')

SwiftDriverJobDiscovery normal x86_64 Compiling ClientPickerView.swift (in target 'SmallBiz Workspace' from project 'SmallBizWorkspace')

SwiftDriverJobDiscovery normal arm64 Compiling CreateMenuSheet.swift (in target 'SmallBiz Workspace' from project 'SmallBizWorkspace')

SwiftDriverJobDiscovery normal x86_64 Compiling CreateMenuSheet.swift (in target 'SmallBiz Workspace' from project 'SmallBizWorkspace')

SwiftDriverJobDiscovery normal arm64 Compiling ClientPickerManualFetchView.swift (in target 'SmallBiz Workspace' from project 'SmallBizWorkspace')

SwiftDriverJobDiscovery normal x86_64 Compiling ClientPickerManualFetchView.swift (in target 'SmallBiz Workspace' from project 'SmallBizWorkspace')

SwiftDriverJobDiscovery normal arm64 Compiling ContractDetailView.swift (in target 'SmallBiz Workspace' from project 'SmallBizWorkspace')

SwiftDriverJobDiscovery normal x86_64 Compiling ContractDetailView.swift (in target 'SmallBiz Workspace' from project 'SmallBizWorkspace')

SwiftDriverJobDiscovery normal arm64 Compiling InvoiceDetailView.swift (in target 'SmallBiz Workspace' from project 'SmallBizWorkspace')

SwiftDriver\ Compilation SmallBiz\ Workspace normal arm64 com.apple.xcode.tools.swift.compiler (in target 'SmallBiz Workspace' from project 'SmallBizWorkspace')
    cd /Volumes/T7\ Shield/App\ creation/SimpleInvoice
    builtin-Swift-Compilation -- /Applications/Xcode.app/Contents/Developer/Toolchains/XcodeDefault.xctoolchain/usr/bin/swiftc -module-name SmallBizWorkspace -Onone -enforce-exclusivity\=checked @/Users/freeman/Library/Developer/Xcode/DerivedData/SmallBizWorkspace-cfozrmaxezcdhkhefcvsyrzkmpzp/Build/Intermediates.noindex/SmallBizWorkspace.build/Debug-iphonesimulator/SmallBiz\ Workspace.build/Objects-normal/arm64/SmallBizWorkspace.SwiftFileList -DDEBUG -default-isolation\=MainActor -enable-bare-slash-regex -enable-upcoming-feature DisableOutwardActorInference -enable-upcoming-feature InferSendableFromCaptures -enable-upcoming-feature GlobalActorIsolatedTypesUsability -enable-upcoming-feature MemberImportVisibility -enable-upcoming-feature InferIsolatedConformances -enable-upcoming-feature NonisolatedNonsendingByDefault -enable-experimental-feature DebugDescriptionMacro -sdk /Applications/Xcode.app/Contents/Developer/Platforms/iPhoneSimulator.platform/Developer/SDKs/iPhoneSimulator26.2.sdk -target arm64-apple-ios17.6-simulator -g -module-cache-path /Users/freeman/Library/Developer/Xcode/DerivedData/ModuleCache.noindex -Xfrontend -serialize-debugging-options -profile-coverage-mapping -profile-generate -enable-testing -index-store-path /Users/freeman/Library/Developer/Xcode/DerivedData/SmallBizWorkspace-cfozrmaxezcdhkhefcvsyrzkmpzp/Index.noindex/DataStore -Xcc -D_LIBCPP_HARDENING_MODE\=_LIBCPP_HARDENING_MODE_DEBUG -swift-version 5 -I /Users/freeman/Library/Developer/Xcode/DerivedData/SmallBizWorkspace-cfozrmaxezcdhkhefcvsyrzkmpzp/Build/Products/Debug-iphonesimulator -F /Users/freeman/Library/Developer/Xcode/DerivedData/SmallBizWorkspace-cfozrmaxezcdhkhefcvsyrzkmpzp/Build/Products/Debug-iphonesimulator/PackageFrameworks -F /Users/freeman/Library/Developer/Xcode/DerivedData/SmallBizWorkspace-cfozrmaxezcdhkhefcvsyrzkmpzp/Build/Products/Debug-iphonesimulator -emit-localized-strings -emit-localized-strings-path /Users/freeman/Library/Developer/Xcode/DerivedData/SmallBizWorkspace-cfozrmaxezcdhkhefcvsyrzkmpzp/Build/Intermediates.noindex/SmallBizWorkspace.build/Debug-iphonesimulator/SmallBiz\ Workspace.build/Objects-normal/arm64 -c -j16 -enable-batch-mode -incremental -Xcc -ivfsstatcache -Xcc /Users/freeman/Library/Developer/Xcode/DerivedData/SDKStatCaches.noindex/iphonesimulator26.2-23C53-7d00a8b37fbd7999ea79df8ebc024bf0.sdkstatcache -output-file-map /Users/freeman/Library/Developer/Xcode/DerivedData/SmallBizWorkspace-cfozrmaxezcdhkhefcvsyrzkmpzp/Build/Intermediates.noindex/SmallBizWorkspace.build/Debug-iphonesimulator/SmallBiz\ Workspace.build/Objects-normal/arm64/SmallBiz\ Workspace-OutputFileMap.json -use-frontend-parseable-output -save-temps -no-color-diagnostics -explicit-module-build -module-cache-path /Users/freeman/Library/Developer/Xcode/DerivedData/SmallBizWorkspace-cfozrmaxezcdhkhefcvsyrzkmpzp/Build/Intermediates.noindex/SwiftExplicitPrecompiledModules -clang-scanner-module-cache-path /Users/freeman/Library/Developer/Xcode/DerivedData/ModuleCache.noindex -sdk-module-cache-path /Users/freeman/Library/Developer/Xcode/DerivedData/ModuleCache.noindex -serialize-diagnostics -emit-dependencies -emit-module -emit-module-path /Users/freeman/Library/Developer/Xcode/DerivedData/SmallBizWorkspace-cfozrmaxezcdhkhefcvsyrzkmpzp/Build/Intermediates.noindex/SmallBizWorkspace.build/Debug-iphonesimulator/SmallBiz\ Workspace.build/Objects-normal/arm64/SmallBizWorkspace.swiftmodule -validate-clang-modules-once -clang-build-session-file /Users/freeman/Library/Developer/Xcode/DerivedData/ModuleCache.noindex/Session.modulevalidation -Xcc -I/Users/freeman/Library/Developer/Xcode/DerivedData/SmallBizWorkspace-cfozrmaxezcdhkhefcvsyrzkmpzp/Build/Intermediates.noindex/SmallBizWorkspace.build/Debug-iphonesimulator/SmallBiz\ Workspace.build/swift-overrides.hmap -emit-const-values -Xfrontend -const-gather-protocols-file -Xfrontend /Users/freeman/Library/Developer/Xcode/DerivedData/SmallBizWorkspace-cfozrmaxezcdhkhefcvsyrzkmpzp/Build/Intermediates.noindex/SmallBizWorkspace.build/Debug-iphonesimulator/SmallBiz\ Workspace.build/Objects-normal/arm64/SmallBiz\ Workspace_const_extract_protocols.json -Xcc -iquote -Xcc /Users/freeman/Library/Developer/Xcode/DerivedData/SmallBizWorkspace-cfozrmaxezcdhkhefcvsyrzkmpzp/Build/Intermediates.noindex/SmallBizWorkspace.build/Debug-iphonesimulator/SmallBiz\ Workspace.build/SmallBizWorkspace-generated-files.hmap -Xcc -I/Users/freeman/Library/Developer/Xcode/DerivedData/SmallBizWorkspace-cfozrmaxezcdhkhefcvsyrzkmpzp/Build/Intermediates.noindex/SmallBizWorkspace.build/Debug-iphonesimulator/SmallBiz\ Workspace.build/SmallBizWorkspace-own-target-headers.hmap -Xcc -I/Users/freeman/Library/Developer/Xcode/DerivedData/SmallBizWorkspace-cfozrmaxezcdhkhefcvsyrzkmpzp/Build/Intermediates.noindex/SmallBizWorkspace.build/Debug-iphonesimulator/SmallBiz\ Workspace.build/SmallBizWorkspace-all-non-framework-target-headers.hmap -Xcc -ivfsoverlay -Xcc /Users/freeman/Library/Developer/Xcode/DerivedData/SmallBizWorkspace-cfozrmaxezcdhkhefcvsyrzkmpzp/Build/Intermediates.noindex/SmallBizWorkspace.build/Debug-iphonesimulator/SmallBizWorkspace-54cf17d1326c0e2aeed27d6790c4c504-VFS-iphonesimulator/all-product-headers.yaml -Xcc -iquote -Xcc /Users/freeman/Library/Developer/Xcode/DerivedData/SmallBizWorkspace-cfozrmaxezcdhkhefcvsyrzkmpzp/Build/Intermediates.noindex/SmallBizWorkspace.build/Debug-iphonesimulator/SmallBiz\ Workspace.build/SmallBizWorkspace-project-headers.hmap -Xcc -I/Users/freeman/Library/Developer/Xcode/DerivedData/SmallBizWorkspace-cfozrmaxezcdhkhefcvsyrzkmpzp/Build/Products/Debug-iphonesimulator/include -Xcc -I/Users/freeman/Library/Developer/Xcode/DerivedData/SmallBizWorkspace-cfozrmaxezcdhkhefcvsyrzkmpzp/Build/Intermediates.noindex/SmallBizWorkspace.build/Debug-iphonesimulator/SmallBiz\ Workspace.build/DerivedSources-normal/arm64 -Xcc -I/Users/freeman/Library/Developer/Xcode/DerivedData/SmallBizWorkspace-cfozrmaxezcdhkhefcvsyrzkmpzp/Build/Intermediates.noindex/SmallBizWorkspace.build/Debug-iphonesimulator/SmallBiz\ Workspace.build/DerivedSources/arm64 -Xcc -I/Users/freeman/Library/Developer/Xcode/DerivedData/SmallBizWorkspace-cfozrmaxezcdhkhefcvsyrzkmpzp/Build/Intermediates.noindex/SmallBizWorkspace.build/Debug-iphonesimulator/SmallBiz\ Workspace.build/DerivedSources -Xcc -DDEBUG\=1 -emit-objc-header -emit-objc-header-path /Users/freeman/Library/Developer/Xcode/DerivedData/SmallBizWorkspace-cfozrmaxezcdhkhefcvsyrzkmpzp/Build/Intermediates.noindex/SmallBizWorkspace.build/Debug-iphonesimulator/SmallBiz\ Workspace.build/Objects-normal/arm64/SmallBizWorkspace-Swift.h -working-directory /Volumes/T7\ Shield/App\ creation/SimpleInvoice -experimental-emit-module-separately -disable-cmo

SwiftDriverJobDiscovery normal x86_64 Compiling InvoiceDetailView.swift (in target 'SmallBiz Workspace' from project 'SmallBizWorkspace')

SwiftDriver\ Compilation SmallBiz\ Workspace normal x86_64 com.apple.xcode.tools.swift.compiler (in target 'SmallBiz Workspace' from project 'SmallBizWorkspace')
    cd /Volumes/T7\ Shield/App\ creation/SimpleInvoice
    builtin-Swift-Compilation -- /Applications/Xcode.app/Contents/Developer/Toolchains/XcodeDefault.xctoolchain/usr/bin/swiftc -module-name SmallBizWorkspace -Onone -enforce-exclusivity\=checked @/Users/freeman/Library/Developer/Xcode/DerivedData/SmallBizWorkspace-cfozrmaxezcdhkhefcvsyrzkmpzp/Build/Intermediates.noindex/SmallBizWorkspace.build/Debug-iphonesimulator/SmallBiz\ Workspace.build/Objects-normal/x86_64/SmallBizWorkspace.SwiftFileList -DDEBUG -default-isolation\=MainActor -enable-bare-slash-regex -enable-upcoming-feature DisableOutwardActorInference -enable-upcoming-feature InferSendableFromCaptures -enable-upcoming-feature GlobalActorIsolatedTypesUsability -enable-upcoming-feature MemberImportVisibility -enable-upcoming-feature InferIsolatedConformances -enable-upcoming-feature NonisolatedNonsendingByDefault -enable-experimental-feature DebugDescriptionMacro -sdk /Applications/Xcode.app/Contents/Developer/Platforms/iPhoneSimulator.platform/Developer/SDKs/iPhoneSimulator26.2.sdk -target x86_64-apple-ios17.6-simulator -g -module-cache-path /Users/freeman/Library/Developer/Xcode/DerivedData/ModuleCache.noindex -Xfrontend -serialize-debugging-options -profile-coverage-mapping -profile-generate -enable-testing -index-store-path /Users/freeman/Library/Developer/Xcode/DerivedData/SmallBizWorkspace-cfozrmaxezcdhkhefcvsyrzkmpzp/Index.noindex/DataStore -Xcc -D_LIBCPP_HARDENING_MODE\=_LIBCPP_HARDENING_MODE_DEBUG -swift-version 5 -I /Users/freeman/Library/Developer/Xcode/DerivedData/SmallBizWorkspace-cfozrmaxezcdhkhefcvsyrzkmpzp/Build/Products/Debug-iphonesimulator -F /Users/freeman/Library/Developer/Xcode/DerivedData/SmallBizWorkspace-cfozrmaxezcdhkhefcvsyrzkmpzp/Build/Products/Debug-iphonesimulator/PackageFrameworks -F /Users/freeman/Library/Developer/Xcode/DerivedData/SmallBizWorkspace-cfozrmaxezcdhkhefcvsyrzkmpzp/Build/Products/Debug-iphonesimulator -emit-localized-strings -emit-localized-strings-path /Users/freeman/Library/Developer/Xcode/DerivedData/SmallBizWorkspace-cfozrmaxezcdhkhefcvsyrzkmpzp/Build/Intermediates.noindex/SmallBizWorkspace.build/Debug-iphonesimulator/SmallBiz\ Workspace.build/Objects-normal/x86_64 -c -j16 -enable-batch-mode -incremental -Xcc -ivfsstatcache -Xcc /Users/freeman/Library/Developer/Xcode/DerivedData/SDKStatCaches.noindex/iphonesimulator26.2-23C53-7d00a8b37fbd7999ea79df8ebc024bf0.sdkstatcache -output-file-map /Users/freeman/Library/Developer/Xcode/DerivedData/SmallBizWorkspace-cfozrmaxezcdhkhefcvsyrzkmpzp/Build/Intermediates.noindex/SmallBizWorkspace.build/Debug-iphonesimulator/SmallBiz\ Workspace.build/Objects-normal/x86_64/SmallBiz\ Workspace-OutputFileMap.json -use-frontend-parseable-output -save-temps -no-color-diagnostics -explicit-module-build -module-cache-path /Users/freeman/Library/Developer/Xcode/DerivedData/SmallBizWorkspace-cfozrmaxezcdhkhefcvsyrzkmpzp/Build/Intermediates.noindex/SwiftExplicitPrecompiledModules -clang-scanner-module-cache-path /Users/freeman/Library/Developer/Xcode/DerivedData/ModuleCache.noindex -sdk-module-cache-path /Users/freeman/Library/Developer/Xcode/DerivedData/ModuleCache.noindex -serialize-diagnostics -emit-dependencies -emit-module -emit-module-path /Users/freeman/Library/Developer/Xcode/DerivedData/SmallBizWorkspace-cfozrmaxezcdhkhefcvsyrzkmpzp/Build/Intermediates.noindex/SmallBizWorkspace.build/Debug-iphonesimulator/SmallBiz\ Workspace.build/Objects-normal/x86_64/SmallBizWorkspace.swiftmodule -validate-clang-modules-once -clang-build-session-file /Users/freeman/Library/Developer/Xcode/DerivedData/ModuleCache.noindex/Session.modulevalidation -Xcc -I/Users/freeman/Library/Developer/Xcode/DerivedData/SmallBizWorkspace-cfozrmaxezcdhkhefcvsyrzkmpzp/Build/Intermediates.noindex/SmallBizWorkspace.build/Debug-iphonesimulator/SmallBiz\ Workspace.build/swift-overrides.hmap -emit-const-values -Xfrontend -const-gather-protocols-file -Xfrontend /Users/freeman/Library/Developer/Xcode/DerivedData/SmallBizWorkspace-cfozrmaxezcdhkhefcvsyrzkmpzp/Build/Intermediates.noindex/SmallBizWorkspace.build/Debug-iphonesimulator/SmallBiz\ Workspace.build/Objects-normal/x86_64/SmallBiz\ Workspace_const_extract_protocols.json -Xcc -iquote -Xcc /Users/freeman/Library/Developer/Xcode/DerivedData/SmallBizWorkspace-cfozrmaxezcdhkhefcvsyrzkmpzp/Build/Intermediates.noindex/SmallBizWorkspace.build/Debug-iphonesimulator/SmallBiz\ Workspace.build/SmallBizWorkspace-generated-files.hmap -Xcc -I/Users/freeman/Library/Developer/Xcode/DerivedData/SmallBizWorkspace-cfozrmaxezcdhkhefcvsyrzkmpzp/Build/Intermediates.noindex/SmallBizWorkspace.build/Debug-iphonesimulator/SmallBiz\ Workspace.build/SmallBizWorkspace-own-target-headers.hmap -Xcc -I/Users/freeman/Library/Developer/Xcode/DerivedData/SmallBizWorkspace-cfozrmaxezcdhkhefcvsyrzkmpzp/Build/Intermediates.noindex/SmallBizWorkspace.build/Debug-iphonesimulator/SmallBiz\ Workspace.build/SmallBizWorkspace-all-non-framework-target-headers.hmap -Xcc -ivfsoverlay -Xcc /Users/freeman/Library/Developer/Xcode/DerivedData/SmallBizWorkspace-cfozrmaxezcdhkhefcvsyrzkmpzp/Build/Intermediates.noindex/SmallBizWorkspace.build/Debug-iphonesimulator/SmallBizWorkspace-54cf17d1326c0e2aeed27d6790c4c504-VFS-iphonesimulator/all-product-headers.yaml -Xcc -iquote -Xcc /Users/freeman/Library/Developer/Xcode/DerivedData/SmallBizWorkspace-cfozrmaxezcdhkhefcvsyrzkmpzp/Build/Intermediates.noindex/SmallBizWorkspace.build/Debug-iphonesimulator/SmallBiz\ Workspace.build/SmallBizWorkspace-project-headers.hmap -Xcc -I/Users/freeman/Library/Developer/Xcode/DerivedData/SmallBizWorkspace-cfozrmaxezcdhkhefcvsyrzkmpzp/Build/Products/Debug-iphonesimulator/include -Xcc -I/Users/freeman/Library/Developer/Xcode/DerivedData/SmallBizWorkspace-cfozrmaxezcdhkhefcvsyrzkmpzp/Build/Intermediates.noindex/SmallBizWorkspace.build/Debug-iphonesimulator/SmallBiz\ Workspace.build/DerivedSources-normal/x86_64 -Xcc -I/Users/freeman/Library/Developer/Xcode/DerivedData/SmallBizWorkspace-cfozrmaxezcdhkhefcvsyrzkmpzp/Build/Intermediates.noindex/SmallBizWorkspace.build/Debug-iphonesimulator/SmallBiz\ Workspace.build/DerivedSources/x86_64 -Xcc -I/Users/freeman/Library/Developer/Xcode/DerivedData/SmallBizWorkspace-cfozrmaxezcdhkhefcvsyrzkmpzp/Build/Intermediates.noindex/SmallBizWorkspace.build/Debug-iphonesimulator/SmallBiz\ Workspace.build/DerivedSources -Xcc -DDEBUG\=1 -emit-objc-header -emit-objc-header-path /Users/freeman/Library/Developer/Xcode/DerivedData/SmallBizWorkspace-cfozrmaxezcdhkhefcvsyrzkmpzp/Build/Intermediates.noindex/SmallBizWorkspace.build/Debug-iphonesimulator/SmallBiz\ Workspace.build/Objects-normal/x86_64/SmallBizWorkspace-Swift.h -working-directory /Volumes/T7\ Shield/App\ creation/SimpleInvoice -experimental-emit-module-separately -disable-cmo

Ld /Users/freeman/Library/Developer/Xcode/DerivedData/SmallBizWorkspace-cfozrmaxezcdhkhefcvsyrzkmpzp/Build/Intermediates.noindex/SmallBizWorkspace.build/Debug-iphonesimulator/SmallBiz\ Workspace.build/Objects-normal/arm64/Binary/SmallBizWorkspace.debug.dylib normal arm64 (in target 'SmallBiz Workspace' from project 'SmallBizWorkspace')
    cd /Volumes/T7\ Shield/App\ creation/SimpleInvoice
    /Applications/Xcode.app/Contents/Developer/Toolchains/XcodeDefault.xctoolchain/usr/bin/clang -Xlinker -reproducible -target arm64-apple-ios17.6-simulator -dynamiclib -isysroot /Applications/Xcode.app/Contents/Developer/Platforms/iPhoneSimulator.platform/Developer/SDKs/iPhoneSimulator26.2.sdk -O0 -L/Users/freeman/Library/Developer/Xcode/DerivedData/SmallBizWorkspace-cfozrmaxezcdhkhefcvsyrzkmpzp/Build/Intermediates.noindex/EagerLinkingTBDs/Debug-iphonesimulator -L/Users/freeman/Library/Developer/Xcode/DerivedData/SmallBizWorkspace-cfozrmaxezcdhkhefcvsyrzkmpzp/Build/Products/Debug-iphonesimulator -F/Users/freeman/Library/Developer/Xcode/DerivedData/SmallBizWorkspace-cfozrmaxezcdhkhefcvsyrzkmpzp/Build/Intermediates.noindex/EagerLinkingTBDs/Debug-iphonesimulator -F/Users/freeman/Library/Developer/Xcode/DerivedData/SmallBizWorkspace-cfozrmaxezcdhkhefcvsyrzkmpzp/Build/Products/Debug-iphonesimulator/PackageFrameworks -F/Users/freeman/Library/Developer/Xcode/DerivedData/SmallBizWorkspace-cfozrmaxezcdhkhefcvsyrzkmpzp/Build/Products/Debug-iphonesimulator -filelist /Users/freeman/Library/Developer/Xcode/DerivedData/SmallBizWorkspace-cfozrmaxezcdhkhefcvsyrzkmpzp/Build/Intermediates.noindex/SmallBizWorkspace.build/Debug-iphonesimulator/SmallBiz\ Workspace.build/Objects-normal/arm64/SmallBizWorkspace.LinkFileList -install_name @rpath/SmallBizWorkspace.debug.dylib -Xlinker -rpath -Xlinker /usr/lib/swift -Xlinker -rpath -Xlinker /Users/freeman/Library/Developer/Xcode/DerivedData/SmallBizWorkspace-cfozrmaxezcdhkhefcvsyrzkmpzp/Build/Products/Debug-iphonesimulator/PackageFrameworks -Xlinker -rpath -Xlinker @executable_path/Frameworks -dead_strip -Xlinker -object_path_lto -Xlinker /Users/freeman/Library/Developer/Xcode/DerivedData/SmallBizWorkspace-cfozrmaxezcdhkhefcvsyrzkmpzp/Build/Intermediates.noindex/SmallBizWorkspace.build/Debug-iphonesimulator/SmallBiz\ Workspace.build/Objects-normal/arm64/SmallBizWorkspace_lto.o -rdynamic -Xlinker -no_deduplicate -Xlinker -objc_abi_version -Xlinker 2 -Xlinker -debug_variant -Xlinker -dependency_info -Xlinker /Users/freeman/Library/Developer/Xcode/DerivedData/SmallBizWorkspace-cfozrmaxezcdhkhefcvsyrzkmpzp/Build/Intermediates.noindex/SmallBizWorkspace.build/Debug-iphonesimulator/SmallBiz\ Workspace.build/Objects-normal/arm64/SmallBizWorkspace_dependency_info.dat -fobjc-link-runtime -fprofile-instr-generate -L/Applications/Xcode.app/Contents/Developer/Toolchains/XcodeDefault.xctoolchain/usr/lib/swift/iphonesimulator -L/usr/lib/swift -Xlinker -add_ast_path -Xlinker /Users/freeman/Library/Developer/Xcode/DerivedData/SmallBizWorkspace-cfozrmaxezcdhkhefcvsyrzkmpzp/Build/Intermediates.noindex/SmallBizWorkspace.build/Debug-iphonesimulator/SmallBiz\ Workspace.build/Objects-normal/arm64/SmallBizWorkspace.swiftmodule @/Users/freeman/Library/Developer/Xcode/DerivedData/SmallBizWorkspace-cfozrmaxezcdhkhefcvsyrzkmpzp/Build/Intermediates.noindex/SmallBizWorkspace.build/Debug-iphonesimulator/SmallBiz\ Workspace.build/Objects-normal/arm64/SmallBizWorkspace-linker-args.resp -Wl,-no_warn_duplicate_libraries -Xlinker -alias -Xlinker _main -Xlinker ___debug_main_executable_dylib_entry_point -Xlinker -no_adhoc_codesign -o /Users/freeman/Library/Developer/Xcode/DerivedData/SmallBizWorkspace-cfozrmaxezcdhkhefcvsyrzkmpzp/Build/Intermediates.noindex/SmallBizWorkspace.build/Debug-iphonesimulator/SmallBiz\ Workspace.build/Objects-normal/arm64/Binary/SmallBizWorkspace.debug.dylib -Xlinker -add_ast_path -Xlinker /Users/freeman/Library/Developer/Xcode/DerivedData/SmallBizWorkspace-cfozrmaxezcdhkhefcvsyrzkmpzp/Build/Intermediates.noindex/ZIPFoundation.build/Debug-iphonesimulator/ZIPFoundation.build/Objects-normal/arm64/ZIPFoundation.swiftmodule @/Users/freeman/Library/Developer/Xcode/DerivedData/SmallBizWorkspace-cfozrmaxezcdhkhefcvsyrzkmpzp/Build/Intermediates.noindex/ZIPFoundation.build/Debug-iphonesimulator/ZIPFoundation.build/Objects-normal/arm64/ZIPFoundation-linker-args.resp

Ld /Users/freeman/Library/Developer/Xcode/DerivedData/SmallBizWorkspace-cfozrmaxezcdhkhefcvsyrzkmpzp/Build/Intermediates.noindex/SmallBizWorkspace.build/Debug-iphonesimulator/SmallBiz\ Workspace.build/Objects-normal/x86_64/Binary/SmallBizWorkspace.debug.dylib normal x86_64 (in target 'SmallBiz Workspace' from project 'SmallBizWorkspace')
    cd /Volumes/T7\ Shield/App\ creation/SimpleInvoice
    /Applications/Xcode.app/Contents/Developer/Toolchains/XcodeDefault.xctoolchain/usr/bin/clang -Xlinker -reproducible -target x86_64-apple-ios17.6-simulator -dynamiclib -isysroot /Applications/Xcode.app/Contents/Developer/Platforms/iPhoneSimulator.platform/Developer/SDKs/iPhoneSimulator26.2.sdk -O0 -L/Users/freeman/Library/Developer/Xcode/DerivedData/SmallBizWorkspace-cfozrmaxezcdhkhefcvsyrzkmpzp/Build/Intermediates.noindex/EagerLinkingTBDs/Debug-iphonesimulator -L/Users/freeman/Library/Developer/Xcode/DerivedData/SmallBizWorkspace-cfozrmaxezcdhkhefcvsyrzkmpzp/Build/Products/Debug-iphonesimulator -F/Users/freeman/Library/Developer/Xcode/DerivedData/SmallBizWorkspace-cfozrmaxezcdhkhefcvsyrzkmpzp/Build/Intermediates.noindex/EagerLinkingTBDs/Debug-iphonesimulator -F/Users/freeman/Library/Developer/Xcode/DerivedData/SmallBizWorkspace-cfozrmaxezcdhkhefcvsyrzkmpzp/Build/Products/Debug-iphonesimulator/PackageFrameworks -F/Users/freeman/Library/Developer/Xcode/DerivedData/SmallBizWorkspace-cfozrmaxezcdhkhefcvsyrzkmpzp/Build/Products/Debug-iphonesimulator -filelist /Users/freeman/Library/Developer/Xcode/DerivedData/SmallBizWorkspace-cfozrmaxezcdhkhefcvsyrzkmpzp/Build/Intermediates.noindex/SmallBizWorkspace.build/Debug-iphonesimulator/SmallBiz\ Workspace.build/Objects-normal/x86_64/SmallBizWorkspace.LinkFileList -install_name @rpath/SmallBizWorkspace.debug.dylib -Xlinker -rpath -Xlinker /usr/lib/swift -Xlinker -rpath -Xlinker /Users/freeman/Library/Developer/Xcode/DerivedData/SmallBizWorkspace-cfozrmaxezcdhkhefcvsyrzkmpzp/Build/Products/Debug-iphonesimulator/PackageFrameworks -Xlinker -rpath -Xlinker @executable_path/Frameworks -dead_strip -Xlinker -object_path_lto -Xlinker /Users/freeman/Library/Developer/Xcode/DerivedData/SmallBizWorkspace-cfozrmaxezcdhkhefcvsyrzkmpzp/Build/Intermediates.noindex/SmallBizWorkspace.build/Debug-iphonesimulator/SmallBiz\ Workspace.build/Objects-normal/x86_64/SmallBizWorkspace_lto.o -rdynamic -Xlinker -no_deduplicate -Xlinker -objc_abi_version -Xlinker 2 -Xlinker -debug_variant -Xlinker -dependency_info -Xlinker /Users/freeman/Library/Developer/Xcode/DerivedData/SmallBizWorkspace-cfozrmaxezcdhkhefcvsyrzkmpzp/Build/Intermediates.noindex/SmallBizWorkspace.build/Debug-iphonesimulator/SmallBiz\ Workspace.build/Objects-normal/x86_64/SmallBizWorkspace_dependency_info.dat -fobjc-link-runtime -fprofile-instr-generate -L/Applications/Xcode.app/Contents/Developer/Toolchains/XcodeDefault.xctoolchain/usr/lib/swift/iphonesimulator -L/usr/lib/swift -Xlinker -add_ast_path -Xlinker /Users/freeman/Library/Developer/Xcode/DerivedData/SmallBizWorkspace-cfozrmaxezcdhkhefcvsyrzkmpzp/Build/Intermediates.noindex/SmallBizWorkspace.build/Debug-iphonesimulator/SmallBiz\ Workspace.build/Objects-normal/x86_64/SmallBizWorkspace.swiftmodule @/Users/freeman/Library/Developer/Xcode/DerivedData/SmallBizWorkspace-cfozrmaxezcdhkhefcvsyrzkmpzp/Build/Intermediates.noindex/SmallBizWorkspace.build/Debug-iphonesimulator/SmallBiz\ Workspace.build/Objects-normal/x86_64/SmallBizWorkspace-linker-args.resp -Wl,-no_warn_duplicate_libraries -Xlinker -alias -Xlinker _main -Xlinker ___debug_main_executable_dylib_entry_point -Xlinker -no_adhoc_codesign -o /Users/freeman/Library/Developer/Xcode/DerivedData/SmallBizWorkspace-cfozrmaxezcdhkhefcvsyrzkmpzp/Build/Intermediates.noindex/SmallBizWorkspace.build/Debug-iphonesimulator/SmallBiz\ Workspace.build/Objects-normal/x86_64/Binary/SmallBizWorkspace.debug.dylib -Xlinker -add_ast_path -Xlinker /Users/freeman/Library/Developer/Xcode/DerivedData/SmallBizWorkspace-cfozrmaxezcdhkhefcvsyrzkmpzp/Build/Intermediates.noindex/ZIPFoundation.build/Debug-iphonesimulator/ZIPFoundation.build/Objects-normal/x86_64/ZIPFoundation.swiftmodule @/Users/freeman/Library/Developer/Xcode/DerivedData/SmallBizWorkspace-cfozrmaxezcdhkhefcvsyrzkmpzp/Build/Intermediates.noindex/ZIPFoundation.build/Debug-iphonesimulator/ZIPFoundation.build/Objects-normal/x86_64/ZIPFoundation-linker-args.resp

ConstructStubExecutorLinkFileList /Users/freeman/Library/Developer/Xcode/DerivedData/SmallBizWorkspace-cfozrmaxezcdhkhefcvsyrzkmpzp/Build/Intermediates.noindex/SmallBizWorkspace.build/Debug-iphonesimulator/SmallBiz\ Workspace.build/SmallBizWorkspace-ExecutorLinkFileList-normal-arm64.txt (in target 'SmallBiz Workspace' from project 'SmallBizWorkspace')
    cd /Volumes/T7\ Shield/App\ creation/SimpleInvoice
    construct-stub-executor-link-file-list /Users/freeman/Library/Developer/Xcode/DerivedData/SmallBizWorkspace-cfozrmaxezcdhkhefcvsyrzkmpzp/Build/Intermediates.noindex/SmallBizWorkspace.build/Debug-iphonesimulator/SmallBiz\ Workspace.build/Objects-normal/arm64/Binary/SmallBizWorkspace.debug.dylib /Applications/Xcode.app/Contents/Developer/Platforms/iPhoneSimulator.platform/Developer/usr/lib/libPreviewsJITStubExecutor_no_swift_entry_point.a /Applications/Xcode.app/Contents/Developer/Platforms/iPhoneSimulator.platform/Developer/usr/lib/libPreviewsJITStubExecutor.a --output /Users/freeman/Library/Developer/Xcode/DerivedData/SmallBizWorkspace-cfozrmaxezcdhkhefcvsyrzkmpzp/Build/Intermediates.noindex/SmallBizWorkspace.build/Debug-iphonesimulator/SmallBiz\ Workspace.build/SmallBizWorkspace-ExecutorLinkFileList-normal-arm64.txt
note: Using stub executor library with Swift entry point. (in target 'SmallBiz Workspace' from project 'SmallBizWorkspace')

CreateUniversalBinary /Users/freeman/Library/Developer/Xcode/DerivedData/SmallBizWorkspace-cfozrmaxezcdhkhefcvsyrzkmpzp/Build/Products/Debug-iphonesimulator/SmallBizWorkspace.app/SmallBizWorkspace.debug.dylib normal arm64\ x86_64 (in target 'SmallBiz Workspace' from project 'SmallBizWorkspace')
    cd /Volumes/T7\ Shield/App\ creation/SimpleInvoice
    /Applications/Xcode.app/Contents/Developer/Toolchains/XcodeDefault.xctoolchain/usr/bin/lipo -create /Users/freeman/Library/Developer/Xcode/DerivedData/SmallBizWorkspace-cfozrmaxezcdhkhefcvsyrzkmpzp/Build/Intermediates.noindex/SmallBizWorkspace.build/Debug-iphonesimulator/SmallBiz\ Workspace.build/Objects-normal/arm64/Binary/SmallBizWorkspace.debug.dylib /Users/freeman/Library/Developer/Xcode/DerivedData/SmallBizWorkspace-cfozrmaxezcdhkhefcvsyrzkmpzp/Build/Intermediates.noindex/SmallBizWorkspace.build/Debug-iphonesimulator/SmallBiz\ Workspace.build/Objects-normal/x86_64/Binary/SmallBizWorkspace.debug.dylib -output /Users/freeman/Library/Developer/Xcode/DerivedData/SmallBizWorkspace-cfozrmaxezcdhkhefcvsyrzkmpzp/Build/Products/Debug-iphonesimulator/SmallBizWorkspace.app/SmallBizWorkspace.debug.dylib

Ld /Users/freeman/Library/Developer/Xcode/DerivedData/SmallBizWorkspace-cfozrmaxezcdhkhefcvsyrzkmpzp/Build/Intermediates.noindex/SmallBizWorkspace.build/Debug-iphonesimulator/SmallBiz\ Workspace.build/Objects-normal/arm64/Binary/SmallBizWorkspace normal arm64 (in target 'SmallBiz Workspace' from project 'SmallBizWorkspace')
    cd /Volumes/T7\ Shield/App\ creation/SimpleInvoice
    /Applications/Xcode.app/Contents/Developer/Toolchains/XcodeDefault.xctoolchain/usr/bin/clang -Xlinker -reproducible -target arm64-apple-ios17.6-simulator -isysroot /Applications/Xcode.app/Contents/Developer/Platforms/iPhoneSimulator.platform/Developer/SDKs/iPhoneSimulator26.2.sdk -O0 -L/Users/freeman/Library/Developer/Xcode/DerivedData/SmallBizWorkspace-cfozrmaxezcdhkhefcvsyrzkmpzp/Build/Products/Debug-iphonesimulator -F/Users/freeman/Library/Developer/Xcode/DerivedData/SmallBizWorkspace-cfozrmaxezcdhkhefcvsyrzkmpzp/Build/Products/Debug-iphonesimulator/PackageFrameworks -F/Users/freeman/Library/Developer/Xcode/DerivedData/SmallBizWorkspace-cfozrmaxezcdhkhefcvsyrzkmpzp/Build/Products/Debug-iphonesimulator -Xlinker -rpath -Xlinker @executable_path -Xlinker -rpath -Xlinker /Users/freeman/Library/Developer/Xcode/DerivedData/SmallBizWorkspace-cfozrmaxezcdhkhefcvsyrzkmpzp/Build/Products/Debug-iphonesimulator/PackageFrameworks -Xlinker -rpath -Xlinker @executable_path/Frameworks -rdynamic -Xlinker -no_deduplicate -Xlinker -objc_abi_version -Xlinker 2 -Xlinker -debug_variant -e ___debug_blank_executor_main -Xlinker -sectcreate -Xlinker __TEXT -Xlinker __debug_dylib -Xlinker /Users/freeman/Library/Developer/Xcode/DerivedData/SmallBizWorkspace-cfozrmaxezcdhkhefcvsyrzkmpzp/Build/Intermediates.noindex/SmallBizWorkspace.build/Debug-iphonesimulator/SmallBiz\ Workspace.build/SmallBizWorkspace-DebugDylibPath-normal-arm64.txt -Xlinker -sectcreate -Xlinker __TEXT -Xlinker __debug_instlnm -Xlinker /Users/freeman/Library/Developer/Xcode/DerivedData/SmallBizWorkspace-cfozrmaxezcdhkhefcvsyrzkmpzp/Build/Intermediates.noindex/SmallBizWorkspace.build/Debug-iphonesimulator/SmallBiz\ Workspace.build/SmallBizWorkspace-DebugDylibInstallName-normal-arm64.txt -Xlinker -filelist -Xlinker /Users/freeman/Library/Developer/Xcode/DerivedData/SmallBizWorkspace-cfozrmaxezcdhkhefcvsyrzkmpzp/Build/Intermediates.noindex/SmallBizWorkspace.build/Debug-iphonesimulator/SmallBiz\ Workspace.build/SmallBizWorkspace-ExecutorLinkFileList-normal-arm64.txt -Xlinker -sectcreate -Xlinker __TEXT -Xlinker __entitlements -Xlinker /Users/freeman/Library/Developer/Xcode/DerivedData/SmallBizWorkspace-cfozrmaxezcdhkhefcvsyrzkmpzp/Build/Intermediates.noindex/SmallBizWorkspace.build/Debug-iphonesimulator/SmallBiz\ Workspace.build/SmallBizWorkspace.app-Simulated.xcent -Xlinker -sectcreate -Xlinker __TEXT -Xlinker __ents_der -Xlinker /Users/freeman/Library/Developer/Xcode/DerivedData/SmallBizWorkspace-cfozrmaxezcdhkhefcvsyrzkmpzp/Build/Intermediates.noindex/SmallBizWorkspace.build/Debug-iphonesimulator/SmallBiz\ Workspace.build/SmallBizWorkspace.app-Simulated.xcent.der /Users/freeman/Library/Developer/Xcode/DerivedData/SmallBizWorkspace-cfozrmaxezcdhkhefcvsyrzkmpzp/Build/Intermediates.noindex/SmallBizWorkspace.build/Debug-iphonesimulator/SmallBiz\ Workspace.build/Objects-normal/arm64/Binary/SmallBizWorkspace.debug.dylib -Xlinker -no_adhoc_codesign -o /Users/freeman/Library/Developer/Xcode/DerivedData/SmallBizWorkspace-cfozrmaxezcdhkhefcvsyrzkmpzp/Build/Intermediates.noindex/SmallBizWorkspace.build/Debug-iphonesimulator/SmallBiz\ Workspace.build/Objects-normal/arm64/Binary/SmallBizWorkspace

ConstructStubExecutorLinkFileList /Users/freeman/Library/Developer/Xcode/DerivedData/SmallBizWorkspace-cfozrmaxezcdhkhefcvsyrzkmpzp/Build/Intermediates.noindex/SmallBizWorkspace.build/Debug-iphonesimulator/SmallBiz\ Workspace.build/SmallBizWorkspace-ExecutorLinkFileList-normal-x86_64.txt (in target 'SmallBiz Workspace' from project 'SmallBizWorkspace')
    cd /Volumes/T7\ Shield/App\ creation/SimpleInvoice
    construct-stub-executor-link-file-list /Users/freeman/Library/Developer/Xcode/DerivedData/SmallBizWorkspace-cfozrmaxezcdhkhefcvsyrzkmpzp/Build/Intermediates.noindex/SmallBizWorkspace.build/Debug-iphonesimulator/SmallBiz\ Workspace.build/Objects-normal/x86_64/Binary/SmallBizWorkspace.debug.dylib /Applications/Xcode.app/Contents/Developer/Platforms/iPhoneSimulator.platform/Developer/usr/lib/libPreviewsJITStubExecutor_no_swift_entry_point.a /Applications/Xcode.app/Contents/Developer/Platforms/iPhoneSimulator.platform/Developer/usr/lib/libPreviewsJITStubExecutor.a --output /Users/freeman/Library/Developer/Xcode/DerivedData/SmallBizWorkspace-cfozrmaxezcdhkhefcvsyrzkmpzp/Build/Intermediates.noindex/SmallBizWorkspace.build/Debug-iphonesimulator/SmallBiz\ Workspace.build/SmallBizWorkspace-ExecutorLinkFileList-normal-x86_64.txt
note: Using stub executor library with Swift entry point. (in target 'SmallBiz Workspace' from project 'SmallBizWorkspace')

Ld /Users/freeman/Library/Developer/Xcode/DerivedData/SmallBizWorkspace-cfozrmaxezcdhkhefcvsyrzkmpzp/Build/Intermediates.noindex/SmallBizWorkspace.build/Debug-iphonesimulator/SmallBiz\ Workspace.build/Objects-normal/x86_64/Binary/SmallBizWorkspace normal x86_64 (in target 'SmallBiz Workspace' from project 'SmallBizWorkspace')
    cd /Volumes/T7\ Shield/App\ creation/SimpleInvoice
    /Applications/Xcode.app/Contents/Developer/Toolchains/XcodeDefault.xctoolchain/usr/bin/clang -Xlinker -reproducible -target x86_64-apple-ios17.6-simulator -isysroot /Applications/Xcode.app/Contents/Developer/Platforms/iPhoneSimulator.platform/Developer/SDKs/iPhoneSimulator26.2.sdk -O0 -L/Users/freeman/Library/Developer/Xcode/DerivedData/SmallBizWorkspace-cfozrmaxezcdhkhefcvsyrzkmpzp/Build/Products/Debug-iphonesimulator -F/Users/freeman/Library/Developer/Xcode/DerivedData/SmallBizWorkspace-cfozrmaxezcdhkhefcvsyrzkmpzp/Build/Products/Debug-iphonesimulator/PackageFrameworks -F/Users/freeman/Library/Developer/Xcode/DerivedData/SmallBizWorkspace-cfozrmaxezcdhkhefcvsyrzkmpzp/Build/Products/Debug-iphonesimulator -Xlinker -rpath -Xlinker @executable_path -Xlinker -rpath -Xlinker /Users/freeman/Library/Developer/Xcode/DerivedData/SmallBizWorkspace-cfozrmaxezcdhkhefcvsyrzkmpzp/Build/Products/Debug-iphonesimulator/PackageFrameworks -Xlinker -rpath -Xlinker @executable_path/Frameworks -rdynamic -Xlinker -no_deduplicate -Xlinker -objc_abi_version -Xlinker 2 -Xlinker -debug_variant -e ___debug_blank_executor_main -Xlinker -sectcreate -Xlinker __TEXT -Xlinker __debug_dylib -Xlinker /Users/freeman/Library/Developer/Xcode/DerivedData/SmallBizWorkspace-cfozrmaxezcdhkhefcvsyrzkmpzp/Build/Intermediates.noindex/SmallBizWorkspace.build/Debug-iphonesimulator/SmallBiz\ Workspace.build/SmallBizWorkspace-DebugDylibPath-normal-x86_64.txt -Xlinker -sectcreate -Xlinker __TEXT -Xlinker __debug_instlnm -Xlinker /Users/freeman/Library/Developer/Xcode/DerivedData/SmallBizWorkspace-cfozrmaxezcdhkhefcvsyrzkmpzp/Build/Intermediates.noindex/SmallBizWorkspace.build/Debug-iphonesimulator/SmallBiz\ Workspace.build/SmallBizWorkspace-DebugDylibInstallName-normal-x86_64.txt -Xlinker -filelist -Xlinker /Users/freeman/Library/Developer/Xcode/DerivedData/SmallBizWorkspace-cfozrmaxezcdhkhefcvsyrzkmpzp/Build/Intermediates.noindex/SmallBizWorkspace.build/Debug-iphonesimulator/SmallBiz\ Workspace.build/SmallBizWorkspace-ExecutorLinkFileList-normal-x86_64.txt -Xlinker -sectcreate -Xlinker __TEXT -Xlinker __entitlements -Xlinker /Users/freeman/Library/Developer/Xcode/DerivedData/SmallBizWorkspace-cfozrmaxezcdhkhefcvsyrzkmpzp/Build/Intermediates.noindex/SmallBizWorkspace.build/Debug-iphonesimulator/SmallBiz\ Workspace.build/SmallBizWorkspace.app-Simulated.xcent -Xlinker -sectcreate -Xlinker __TEXT -Xlinker __ents_der -Xlinker /Users/freeman/Library/Developer/Xcode/DerivedData/SmallBizWorkspace-cfozrmaxezcdhkhefcvsyrzkmpzp/Build/Intermediates.noindex/SmallBizWorkspace.build/Debug-iphonesimulator/SmallBiz\ Workspace.build/SmallBizWorkspace.app-Simulated.xcent.der /Users/freeman/Library/Developer/Xcode/DerivedData/SmallBizWorkspace-cfozrmaxezcdhkhefcvsyrzkmpzp/Build/Intermediates.noindex/SmallBizWorkspace.build/Debug-iphonesimulator/SmallBiz\ Workspace.build/Objects-normal/x86_64/Binary/SmallBizWorkspace.debug.dylib -Xlinker -no_adhoc_codesign -o /Users/freeman/Library/Developer/Xcode/DerivedData/SmallBizWorkspace-cfozrmaxezcdhkhefcvsyrzkmpzp/Build/Intermediates.noindex/SmallBizWorkspace.build/Debug-iphonesimulator/SmallBiz\ Workspace.build/Objects-normal/x86_64/Binary/SmallBizWorkspace

CreateUniversalBinary /Users/freeman/Library/Developer/Xcode/DerivedData/SmallBizWorkspace-cfozrmaxezcdhkhefcvsyrzkmpzp/Build/Products/Debug-iphonesimulator/SmallBizWorkspace.app/SmallBizWorkspace normal arm64\ x86_64 (in target 'SmallBiz Workspace' from project 'SmallBizWorkspace')
    cd /Volumes/T7\ Shield/App\ creation/SimpleInvoice
    /Applications/Xcode.app/Contents/Developer/Toolchains/XcodeDefault.xctoolchain/usr/bin/lipo -create /Users/freeman/Library/Developer/Xcode/DerivedData/SmallBizWorkspace-cfozrmaxezcdhkhefcvsyrzkmpzp/Build/Intermediates.noindex/SmallBizWorkspace.build/Debug-iphonesimulator/SmallBiz\ Workspace.build/Objects-normal/arm64/Binary/SmallBizWorkspace /Users/freeman/Library/Developer/Xcode/DerivedData/SmallBizWorkspace-cfozrmaxezcdhkhefcvsyrzkmpzp/Build/Intermediates.noindex/SmallBizWorkspace.build/Debug-iphonesimulator/SmallBiz\ Workspace.build/Objects-normal/x86_64/Binary/SmallBizWorkspace -output /Users/freeman/Library/Developer/Xcode/DerivedData/SmallBizWorkspace-cfozrmaxezcdhkhefcvsyrzkmpzp/Build/Products/Debug-iphonesimulator/SmallBizWorkspace.app/SmallBizWorkspace

CopySwiftLibs /Users/freeman/Library/Developer/Xcode/DerivedData/SmallBizWorkspace-cfozrmaxezcdhkhefcvsyrzkmpzp/Build/Products/Debug-iphonesimulator/SmallBizWorkspace.app (in target 'SmallBiz Workspace' from project 'SmallBizWorkspace')
    cd /Volumes/T7\ Shield/App\ creation/SimpleInvoice
    builtin-swiftStdLibTool --copy --verbose --sign - --scan-executable /Users/freeman/Library/Developer/Xcode/DerivedData/SmallBizWorkspace-cfozrmaxezcdhkhefcvsyrzkmpzp/Build/Products/Debug-iphonesimulator/SmallBizWorkspace.app/SmallBizWorkspace.debug.dylib --scan-folder /Users/freeman/Library/Developer/Xcode/DerivedData/SmallBizWorkspace-cfozrmaxezcdhkhefcvsyrzkmpzp/Build/Products/Debug-iphonesimulator/SmallBizWorkspace.app/Frameworks --scan-folder /Users/freeman/Library/Developer/Xcode/DerivedData/SmallBizWorkspace-cfozrmaxezcdhkhefcvsyrzkmpzp/Build/Products/Debug-iphonesimulator/SmallBizWorkspace.app/PlugIns --scan-folder /Users/freeman/Library/Developer/Xcode/DerivedData/SmallBizWorkspace-cfozrmaxezcdhkhefcvsyrzkmpzp/Build/Products/Debug-iphonesimulator/SmallBizWorkspace.app/SystemExtensions --scan-folder /Users/freeman/Library/Developer/Xcode/DerivedData/SmallBizWorkspace-cfozrmaxezcdhkhefcvsyrzkmpzp/Build/Products/Debug-iphonesimulator/SmallBizWorkspace.app/Extensions --platform iphonesimulator --toolchain /Applications/Xcode.app/Contents/Developer/Toolchains/XcodeDefault.xctoolchain --destination /Users/freeman/Library/Developer/Xcode/DerivedData/SmallBizWorkspace-cfozrmaxezcdhkhefcvsyrzkmpzp/Build/Products/Debug-iphonesimulator/SmallBizWorkspace.app/Frameworks --strip-bitcode --strip-bitcode-tool /Applications/Xcode.app/Contents/Developer/Toolchains/XcodeDefault.xctoolchain/usr/bin/bitcode_strip --emit-dependency-info /Users/freeman/Library/Developer/Xcode/DerivedData/SmallBizWorkspace-cfozrmaxezcdhkhefcvsyrzkmpzp/Build/Intermediates.noindex/SmallBizWorkspace.build/Debug-iphonesimulator/SmallBiz\ Workspace.build/SwiftStdLibToolInputDependencies.dep --filter-for-swift-os --back-deploy-swift-span

ExtractAppIntentsMetadata (in target 'SmallBiz Workspace' from project 'SmallBizWorkspace')
    cd /Volumes/T7\ Shield/App\ creation/SimpleInvoice
    /Applications/Xcode.app/Contents/Developer/Toolchains/XcodeDefault.xctoolchain/usr/bin/appintentsmetadataprocessor --toolchain-dir /Applications/Xcode.app/Contents/Developer/Toolchains/XcodeDefault.xctoolchain --module-name SmallBizWorkspace --sdk-root /Applications/Xcode.app/Contents/Developer/Platforms/iPhoneSimulator.platform/Developer/SDKs/iPhoneSimulator26.2.sdk --xcode-version 17C52 --platform-family iOS --deployment-target 17.6 --bundle-identifier com.javonfreeman.smallbizworkspace- --output /Users/freeman/Library/Developer/Xcode/DerivedData/SmallBizWorkspace-cfozrmaxezcdhkhefcvsyrzkmpzp/Build/Products/Debug-iphonesimulator/SmallBizWorkspace.app --target-triple arm64-apple-ios17.6-simulator --target-triple x86_64-apple-ios17.6-simulator --binary-file /Users/freeman/Library/Developer/Xcode/DerivedData/SmallBizWorkspace-cfozrmaxezcdhkhefcvsyrzkmpzp/Build/Products/Debug-iphonesimulator/SmallBizWorkspace.app/SmallBizWorkspace --dependency-file /Users/freeman/Library/Developer/Xcode/DerivedData/SmallBizWorkspace-cfozrmaxezcdhkhefcvsyrzkmpzp/Build/Intermediates.noindex/SmallBizWorkspace.build/Debug-iphonesimulator/SmallBiz\ Workspace.build/Objects-normal/arm64/SmallBizWorkspace_dependency_info.dat --dependency-file /Users/freeman/Library/Developer/Xcode/DerivedData/SmallBizWorkspace-cfozrmaxezcdhkhefcvsyrzkmpzp/Build/Intermediates.noindex/SmallBizWorkspace.build/Debug-iphonesimulator/SmallBiz\ Workspace.build/Objects-normal/x86_64/SmallBizWorkspace_dependency_info.dat --stringsdata-file /Users/freeman/Library/Developer/Xcode/DerivedData/SmallBizWorkspace-cfozrmaxezcdhkhefcvsyrzkmpzp/Build/Intermediates.noindex/SmallBizWorkspace.build/Debug-iphonesimulator/SmallBiz\ Workspace.build/Objects-normal/arm64/ExtractedAppShortcutsMetadata.stringsdata --stringsdata-file /Users/freeman/Library/Developer/Xcode/DerivedData/SmallBizWorkspace-cfozrmaxezcdhkhefcvsyrzkmpzp/Build/Intermediates.noindex/SmallBizWorkspace.build/Debug-iphonesimulator/SmallBiz\ Workspace.build/Objects-normal/x86_64/ExtractedAppShortcutsMetadata.stringsdata --source-file-list /Users/freeman/Library/Developer/Xcode/DerivedData/SmallBizWorkspace-cfozrmaxezcdhkhefcvsyrzkmpzp/Build/Intermediates.noindex/SmallBizWorkspace.build/Debug-iphonesimulator/SmallBiz\ Workspace.build/Objects-normal/arm64/SmallBizWorkspace.SwiftFileList --source-file-list /Users/freeman/Library/Developer/Xcode/DerivedData/SmallBizWorkspace-cfozrmaxezcdhkhefcvsyrzkmpzp/Build/Intermediates.noindex/SmallBizWorkspace.build/Debug-iphonesimulator/SmallBiz\ Workspace.build/Objects-normal/x86_64/SmallBizWorkspace.SwiftFileList --metadata-file-list /Users/freeman/Library/Developer/Xcode/DerivedData/SmallBizWorkspace-cfozrmaxezcdhkhefcvsyrzkmpzp/Build/Intermediates.noindex/SmallBizWorkspace.build/Debug-iphonesimulator/SmallBiz\ Workspace.build/SmallBizWorkspace.DependencyMetadataFileList --static-metadata-file-list /Users/freeman/Library/Developer/Xcode/DerivedData/SmallBizWorkspace-cfozrmaxezcdhkhefcvsyrzkmpzp/Build/Intermediates.noindex/SmallBizWorkspace.build/Debug-iphonesimulator/SmallBiz\ Workspace.build/SmallBizWorkspace.DependencyStaticMetadataFileList --swift-const-vals-list /Users/freeman/Library/Developer/Xcode/DerivedData/SmallBizWorkspace-cfozrmaxezcdhkhefcvsyrzkmpzp/Build/Intermediates.noindex/SmallBizWorkspace.build/Debug-iphonesimulator/SmallBiz\ Workspace.build/Objects-normal/arm64/SmallBizWorkspace.SwiftConstValuesFileList --swift-const-vals-list /Users/freeman/Library/Developer/Xcode/DerivedData/SmallBizWorkspace-cfozrmaxezcdhkhefcvsyrzkmpzp/Build/Intermediates.noindex/SmallBizWorkspace.build/Debug-iphonesimulator/SmallBiz\ Workspace.build/Objects-normal/x86_64/SmallBizWorkspace.SwiftConstValuesFileList --compile-time-extraction --deployment-aware-processing --validate-assistant-intents --no-app-shortcuts-localization
2026-02-19 23:37:29.323 appintentsmetadataprocessor[48542:4779497] Starting appintentsmetadataprocessor export
2026-02-19 23:37:29.392 appintentsmetadataprocessor[48542:4779497] Extracted no relevant App Intents symbols, skipping writing output

CodeSign /Users/freeman/Library/Developer/Xcode/DerivedData/SmallBizWorkspace-cfozrmaxezcdhkhefcvsyrzkmpzp/Build/Products/Debug-iphonesimulator/SmallBizWorkspace.app/SmallBizWorkspace.debug.dylib (in target 'SmallBiz Workspace' from project 'SmallBizWorkspace')
    cd /Volumes/T7\ Shield/App\ creation/SimpleInvoice
    
    Signing Identity:     "Sign to Run Locally"
    
    /usr/bin/codesign --force --sign - --timestamp\=none --generate-entitlement-der /Users/freeman/Library/Developer/Xcode/DerivedData/SmallBizWorkspace-cfozrmaxezcdhkhefcvsyrzkmpzp/Build/Products/Debug-iphonesimulator/SmallBizWorkspace.app/SmallBizWorkspace.debug.dylib

CodeSign /Users/freeman/Library/Developer/Xcode/DerivedData/SmallBizWorkspace-cfozrmaxezcdhkhefcvsyrzkmpzp/Build/Products/Debug-iphonesimulator/SmallBizWorkspace.app/__preview.dylib (in target 'SmallBiz Workspace' from project 'SmallBizWorkspace')
    cd /Volumes/T7\ Shield/App\ creation/SimpleInvoice
    
    Signing Identity:     "Sign to Run Locally"
    
    /usr/bin/codesign --force --sign - --timestamp\=none --generate-entitlement-der /Users/freeman/Library/Developer/Xcode/DerivedData/SmallBizWorkspace-cfozrmaxezcdhkhefcvsyrzkmpzp/Build/Products/Debug-iphonesimulator/SmallBizWorkspace.app/__preview.dylib
/Users/freeman/Library/Developer/Xcode/DerivedData/SmallBizWorkspace-cfozrmaxezcdhkhefcvsyrzkmpzp/Build/Products/Debug-iphonesimulator/SmallBizWorkspace.app/__preview.dylib: replacing existing signature

CodeSign /Users/freeman/Library/Developer/Xcode/DerivedData/SmallBizWorkspace-cfozrmaxezcdhkhefcvsyrzkmpzp/Build/Products/Debug-iphonesimulator/SmallBizWorkspace.app (in target 'SmallBiz Workspace' from project 'SmallBizWorkspace')
    cd /Volumes/T7\ Shield/App\ creation/SimpleInvoice
    
    Signing Identity:     "Sign to Run Locally"
    
    /usr/bin/codesign --force --sign - --entitlements /Users/freeman/Library/Developer/Xcode/DerivedData/SmallBizWorkspace-cfozrmaxezcdhkhefcvsyrzkmpzp/Build/Intermediates.noindex/SmallBizWorkspace.build/Debug-iphonesimulator/SmallBiz\ Workspace.build/SmallBizWorkspace.app.xcent --timestamp\=none --generate-entitlement-der /Users/freeman/Library/Developer/Xcode/DerivedData/SmallBizWorkspace-cfozrmaxezcdhkhefcvsyrzkmpzp/Build/Products/Debug-iphonesimulator/SmallBizWorkspace.app

Validate /Users/freeman/Library/Developer/Xcode/DerivedData/SmallBizWorkspace-cfozrmaxezcdhkhefcvsyrzkmpzp/Build/Products/Debug-iphonesimulator/SmallBizWorkspace.app (in target 'SmallBiz Workspace' from project 'SmallBizWorkspace')
    cd /Volumes/T7\ Shield/App\ creation/SimpleInvoice
    builtin-validationUtility /Users/freeman/Library/Developer/Xcode/DerivedData/SmallBizWorkspace-cfozrmaxezcdhkhefcvsyrzkmpzp/Build/Products/Debug-iphonesimulator/SmallBizWorkspace.app -shallow-bundle -infoplist-subpath Info.plist

** BUILD SUCCEEDED **

